{"/home/travis/build/npmtest/node-npmtest-shipit-deploy/test.js":{"path":"/home/travis/build/npmtest/node-npmtest-shipit-deploy/test.js","s":{"1":2,"2":2,"3":2,"4":2,"5":2,"6":2,"7":2,"8":1,"9":2,"10":2,"11":1,"12":1,"13":1,"14":1,"15":2,"16":2,"17":2,"18":2,"19":1,"20":1,"21":2,"22":2,"23":2,"24":1,"25":1,"26":1,"27":1,"28":1,"29":1,"30":1,"31":1,"32":1,"33":1,"34":1,"35":1,"36":1,"37":1,"38":1,"39":2,"40":2,"41":1,"42":2,"43":2,"44":1,"45":2,"46":2,"47":1,"48":2,"49":2,"50":1,"51":1,"52":1,"53":1,"54":1},"b":{"1":[2,1,1,1],"2":[1,1,1,1],"3":[1,1],"4":[1,1],"5":[1,1],"6":[1,1],"7":[1,1],"8":[1,1],"9":[1,1],"10":[1,1,1],"11":[1,1],"12":[1,1],"13":[1,1],"14":[1,1],"15":[1,1],"16":[1,1],"17":[1,1]},"f":{"1":2,"2":2,"3":2,"4":2,"5":2,"6":1,"7":1,"8":1,"9":2,"10":2,"11":2,"12":2,"13":1},"fnMap":{"1":{"name":"(anonymous_1)","line":12,"loc":{"start":{"line":12,"column":1},"end":{"line":12,"column":13}}},"2":{"name":"(anonymous_2)","line":19,"loc":{"start":{"line":19,"column":5},"end":{"line":19,"column":17}}},"3":{"name":"(anonymous_3)","line":23,"loc":{"start":{"line":23,"column":24},"end":{"line":23,"column":36}}},"4":{"name":"(anonymous_4)","line":61,"loc":{"start":{"line":61,"column":5},"end":{"line":61,"column":17}}},"5":{"name":"(anonymous_5)","line":82,"loc":{"start":{"line":82,"column":5},"end":{"line":82,"column":17}}},"6":{"name":"(anonymous_6)","line":91,"loc":{"start":{"line":91,"column":77},"end":{"line":94,"column":10}}},"7":{"name":"(anonymous_7)","line":112,"loc":{"start":{"line":112,"column":83},"end":{"line":115,"column":10}},"skip":true},"8":{"name":"(anonymous_8)","line":123,"loc":{"start":{"line":123,"column":77},"end":{"line":126,"column":10}},"skip":true},"9":{"name":"(anonymous_9)","line":139,"loc":{"start":{"line":139,"column":12},"end":{"line":139,"column":40}},"skip":true},"10":{"name":"(anonymous_10)","line":147,"loc":{"start":{"line":147,"column":77},"end":{"line":150,"column":10}},"skip":true},"11":{"name":"(anonymous_11)","line":158,"loc":{"start":{"line":158,"column":83},"end":{"line":161,"column":10}},"skip":true},"12":{"name":"(anonymous_12)","line":169,"loc":{"start":{"line":169,"column":79},"end":{"line":172,"column":10}},"skip":true},"13":{"name":"(anonymous_13)","line":180,"loc":{"start":{"line":180,"column":75},"end":{"line":183,"column":10}},"skip":true}},"statementMap":{"1":{"start":{"line":12,"column":0},"end":{"line":195,"column":5}},"2":{"start":{"line":14,"column":4},"end":{"line":14,"column":14}},"3":{"start":{"line":19,"column":4},"end":{"line":56,"column":9}},"4":{"start":{"line":21,"column":8},"end":{"line":21,"column":19}},"5":{"start":{"line":23,"column":8},"end":{"line":35,"column":13}},"6":{"start":{"line":24,"column":12},"end":{"line":34,"column":13}},"7":{"start":{"line":25,"column":16},"end":{"line":28,"column":30}},"8":{"start":{"line":30,"column":16},"end":{"line":33,"column":27}},"9":{"start":{"line":37,"column":8},"end":{"line":39,"column":21}},"10":{"start":{"line":40,"column":8},"end":{"line":53,"column":9}},"11":{"start":{"line":43,"column":12},"end":{"line":46,"column":14}},"12":{"start":{"line":47,"column":12},"end":{"line":47,"column":18}},"13":{"start":{"line":50,"column":12},"end":{"line":51,"column":33}},"14":{"start":{"line":52,"column":12},"end":{"line":52,"column":18}},"15":{"start":{"line":55,"column":8},"end":{"line":55,"column":35}},"16":{"start":{"line":61,"column":4},"end":{"line":63,"column":9}},"17":{"start":{"line":62,"column":8},"end":{"line":62,"column":15}},"18":{"start":{"line":64,"column":4},"end":{"line":77,"column":5}},"19":{"start":{"line":70,"column":8},"end":{"line":70,"column":14}},"20":{"start":{"line":76,"column":8},"end":{"line":76,"column":14}},"21":{"start":{"line":82,"column":4},"end":{"line":84,"column":9}},"22":{"start":{"line":83,"column":8},"end":{"line":83,"column":15}},"23":{"start":{"line":85,"column":4},"end":{"line":194,"column":5}},"24":{"start":{"line":91,"column":8},"end":{"line":99,"column":10}},"25":{"start":{"line":98,"column":12},"end":{"line":98,"column":35}},"26":{"start":{"line":102,"column":8},"end":{"line":104,"column":63}},"27":{"start":{"line":105,"column":8},"end":{"line":105,"column":14}},"28":{"start":{"line":112,"column":8},"end":{"line":121,"column":10},"skip":true},"29":{"start":{"line":119,"column":12},"end":{"line":119,"column":55},"skip":true},"30":{"start":{"line":120,"column":12},"end":{"line":120,"column":48},"skip":true},"31":{"start":{"line":123,"column":8},"end":{"line":136,"column":10},"skip":true},"32":{"start":{"line":130,"column":12},"end":{"line":130,"column":76},"skip":true},"33":{"start":{"line":131,"column":12},"end":{"line":131,"column":73},"skip":true},"34":{"start":{"line":132,"column":12},"end":{"line":132,"column":74},"skip":true},"35":{"start":{"line":133,"column":12},"end":{"line":133,"column":79},"skip":true},"36":{"start":{"line":134,"column":12},"end":{"line":134,"column":25},"skip":true},"37":{"start":{"line":135,"column":12},"end":{"line":135,"column":45},"skip":true},"38":{"start":{"line":138,"column":8},"end":{"line":145,"column":14},"skip":true},"39":{"start":{"line":143,"column":16},"end":{"line":143,"column":29},"skip":true},"40":{"start":{"line":144,"column":16},"end":{"line":144,"column":55},"skip":true},"41":{"start":{"line":147,"column":8},"end":{"line":156,"column":10},"skip":true},"42":{"start":{"line":154,"column":12},"end":{"line":154,"column":25},"skip":true},"43":{"start":{"line":155,"column":12},"end":{"line":155,"column":45},"skip":true},"44":{"start":{"line":158,"column":8},"end":{"line":167,"column":10},"skip":true},"45":{"start":{"line":165,"column":12},"end":{"line":165,"column":25},"skip":true},"46":{"start":{"line":166,"column":12},"end":{"line":166,"column":48},"skip":true},"47":{"start":{"line":169,"column":8},"end":{"line":178,"column":10},"skip":true},"48":{"start":{"line":176,"column":12},"end":{"line":176,"column":25},"skip":true},"49":{"start":{"line":177,"column":12},"end":{"line":177,"column":46},"skip":true},"50":{"start":{"line":180,"column":8},"end":{"line":189,"column":10},"skip":true},"51":{"start":{"line":187,"column":12},"end":{"line":187,"column":94},"skip":true},"52":{"start":{"line":188,"column":12},"end":{"line":188,"column":48},"skip":true},"53":{"start":{"line":192,"column":8},"end":{"line":192,"column":35},"skip":true},"54":{"start":{"line":193,"column":8},"end":{"line":193,"column":14},"skip":true}},"branchMap":{"1":{"line":25,"type":"binary-expr","locations":[{"start":{"line":25,"column":23},"end":{"line":25,"column":62}},{"start":{"line":26,"column":20},"end":{"line":26,"column":70}},{"start":{"line":27,"column":20},"end":{"line":27,"column":71}},{"start":{"line":28,"column":20},"end":{"line":28,"column":29}}]},"2":{"line":30,"type":"binary-expr","locations":[{"start":{"line":30,"column":23},"end":{"line":30,"column":37}},{"start":{"line":31,"column":20},"end":{"line":31,"column":61}},{"start":{"line":32,"column":20},"end":{"line":32,"column":70}},{"start":{"line":33,"column":20},"end":{"line":33,"column":26}}]},"3":{"line":37,"type":"cond-expr","locations":[{"start":{"line":38,"column":14},"end":{"line":38,"column":20}},{"start":{"line":39,"column":14},"end":{"line":39,"column":20}}]},"4":{"line":40,"type":"switch","locations":[{"start":{"line":42,"column":8},"end":{"line":47,"column":18}},{"start":{"line":49,"column":8},"end":{"line":52,"column":18}}]},"5":{"line":44,"type":"binary-expr","locations":[{"start":{"line":44,"column":16},"end":{"line":44,"column":44}},{"start":{"line":44,"column":48},"end":{"line":44,"column":66}}]},"6":{"line":50,"type":"binary-expr","locations":[{"start":{"line":50,"column":21},"end":{"line":50,"column":49}},{"start":{"line":50,"column":53},"end":{"line":50,"column":72}}]},"7":{"line":64,"type":"switch","locations":[{"start":{"line":69,"column":4},"end":{"line":70,"column":14}},{"start":{"line":75,"column":4},"end":{"line":76,"column":14}}]},"8":{"line":85,"type":"switch","locations":[{"start":{"line":90,"column":4},"end":{"line":105,"column":14}},{"start":{"line":111,"column":4},"end":{"line":193,"column":14},"skip":true}]},"9":{"line":91,"type":"binary-expr","locations":[{"start":{"line":91,"column":42},"end":{"line":91,"column":73}},{"start":{"line":91,"column":77},"end":{"line":99,"column":9}}]},"10":{"line":102,"type":"binary-expr","locations":[{"start":{"line":102,"column":18},"end":{"line":102,"column":32}},{"start":{"line":103,"column":12},"end":{"line":103,"column":53}},{"start":{"line":104,"column":12},"end":{"line":104,"column":61}}]},"11":{"line":112,"type":"binary-expr","locations":[{"start":{"line":112,"column":45},"end":{"line":112,"column":79},"skip":true},{"start":{"line":112,"column":83},"end":{"line":121,"column":9},"skip":true}]},"12":{"line":123,"type":"binary-expr","locations":[{"start":{"line":123,"column":42},"end":{"line":123,"column":73},"skip":true},{"start":{"line":123,"column":77},"end":{"line":136,"column":9},"skip":true}]},"13":{"line":138,"type":"binary-expr","locations":[{"start":{"line":138,"column":48},"end":{"line":138,"column":85},"skip":true},{"start":{"line":139,"column":12},"end":{"line":145,"column":13},"skip":true}]},"14":{"line":147,"type":"binary-expr","locations":[{"start":{"line":147,"column":42},"end":{"line":147,"column":73},"skip":true},{"start":{"line":147,"column":77},"end":{"line":156,"column":9},"skip":true}]},"15":{"line":158,"type":"binary-expr","locations":[{"start":{"line":158,"column":45},"end":{"line":158,"column":79},"skip":true},{"start":{"line":158,"column":83},"end":{"line":167,"column":9},"skip":true}]},"16":{"line":169,"type":"binary-expr","locations":[{"start":{"line":169,"column":43},"end":{"line":169,"column":75},"skip":true},{"start":{"line":169,"column":79},"end":{"line":178,"column":9},"skip":true}]},"17":{"line":180,"type":"binary-expr","locations":[{"start":{"line":180,"column":41},"end":{"line":180,"column":71},"skip":true},{"start":{"line":180,"column":75},"end":{"line":189,"column":9},"skip":true}]}},"code":["/* istanbul instrument in package npmtest_shipit_deploy */","/*jslint","    bitwise: true,","    browser: true,","    maxerr: 8,","    maxlen: 96,","    node: true,","    nomen: true,","    regexp: true,","    stupid: true","*/","(function () {","    'use strict';","    var local;","","","","    // run shared js-env code - pre-init","    (function () {","        // init local","        local = {};","        // init modeJs","        local.modeJs = (function () {","            try {","                return typeof navigator.userAgent === 'string' &&","                    typeof document.querySelector('body') === 'object' &&","                    typeof XMLHttpRequest.prototype.open === 'function' &&","                    'browser';","            } catch (errorCaughtBrowser) {","                return module.exports &&","                    typeof process.versions.node === 'string' &&","                    typeof require('http').createServer === 'function' &&","                    'node';","            }","        }());","        // init global","        local.global = local.modeJs === 'browser'","            ? window","            : global;","        switch (local.modeJs) {","        // re-init local from window.local","        case 'browser':","            local = local.global.utility2.objectSetDefault(","                local.global.utility2_rollup || local.global.local,","                local.global.utility2","            );","            break;","        // re-init local from example.js","        case 'node':","            local = (local.global.utility2_rollup || require('utility2'))","                .requireReadme();","            break;","        }","        // export local","        local.global.local = local;","    }());","","","","    // run shared js-env code - function","    (function () {","        return;","    }());","    switch (local.modeJs) {","","","","    // run browser js-env code - function","    case 'browser':","        break;","","","","    // run node js-env code - function","    case 'node':","        break;","    }","","","","    // run shared js-env code - post-init","    (function () {","        return;","    }());","    switch (local.modeJs) {","","","","    // run browser js-env code - post-init","    case 'browser':","        local.testCase_browser_nullCase = local.testCase_browser_nullCase || function (","            options,","            onError","        ) {","        /*","         * this function will test browsers's null-case handling-behavior-behavior","         */","            onError(null, options);","        };","","        // run tests","        local.nop(local.modeTest &&","            document.querySelector('#testRunButton1') &&","            document.querySelector('#testRunButton1').click());","        break;","","","","    // run node js-env code - post-init","    /* istanbul ignore next */","    case 'node':","        local.testCase_buildApidoc_default = local.testCase_buildApidoc_default || function (","            options,","            onError","        ) {","        /*","         * this function will test buildApidoc's default handling-behavior-behavior","         */","            options = { modulePathList: module.paths };","            local.buildApidoc(options, onError);","        };","","        local.testCase_buildApp_default = local.testCase_buildApp_default || function (","            options,","            onError","        ) {","        /*","         * this function will test buildApp's default handling-behavior-behavior","         */","            local.testCase_buildReadme_default(options, local.onErrorThrow);","            local.testCase_buildLib_default(options, local.onErrorThrow);","            local.testCase_buildTest_default(options, local.onErrorThrow);","            local.testCase_buildCustomOrg_default(options, local.onErrorThrow);","            options = [];","            local.buildApp(options, onError);","        };","","        local.testCase_buildCustomOrg_default = local.testCase_buildCustomOrg_default ||","            function (options, onError) {","            /*","             * this function will test buildCustomOrg's default handling-behavior","             */","                options = {};","                local.buildCustomOrg(options, onError);","            };","","        local.testCase_buildLib_default = local.testCase_buildLib_default || function (","            options,","            onError","        ) {","        /*","         * this function will test buildLib's default handling-behavior","         */","            options = {};","            local.buildLib(options, onError);","        };","","        local.testCase_buildReadme_default = local.testCase_buildReadme_default || function (","            options,","            onError","        ) {","        /*","         * this function will test buildReadme's default handling-behavior-behavior","         */","            options = {};","            local.buildReadme(options, onError);","        };","","        local.testCase_buildTest_default = local.testCase_buildTest_default || function (","            options,","            onError","        ) {","        /*","         * this function will test buildTest's default handling-behavior","         */","            options = {};","            local.buildTest(options, onError);","        };","","        local.testCase_webpage_default = local.testCase_webpage_default || function (","            options,","            onError","        ) {","        /*","         * this function will test webpage's default handling-behavior","         */","            options = { modeCoverageMerge: true, url: local.serverLocalHost + '?modeTest=1' };","            local.browserTest(options, onError);","        };","","        // run test-server","        local.testRunServer(local);","        break;","    }","}());",""],"l":{"12":2,"14":2,"19":2,"21":2,"23":2,"24":2,"25":2,"30":1,"37":2,"40":2,"43":1,"47":1,"50":1,"52":1,"55":2,"61":2,"62":2,"64":2,"70":1,"76":1,"82":2,"83":2,"85":2,"91":1,"98":1,"102":1,"105":1,"112":1,"119":1,"120":1,"123":1,"130":1,"131":1,"132":1,"133":1,"134":1,"135":1,"138":1,"143":2,"144":2,"147":1,"154":2,"155":2,"158":1,"165":2,"166":2,"169":1,"176":2,"177":2,"180":1,"187":1,"188":1,"192":1,"193":1}},"/home/travis/build/npmtest/node-npmtest-shipit-deploy/lib.npmtest_shipit_deploy.js":{"path":"/home/travis/build/npmtest/node-npmtest-shipit-deploy/lib.npmtest_shipit_deploy.js","s":{"1":2,"2":2,"3":2,"4":2,"5":2,"6":2,"7":2,"8":1,"9":2,"10":2,"11":2,"12":2,"13":1,"14":1,"15":1,"16":1},"b":{"1":[2,1,1,1],"2":[1,1,1,1],"3":[1,1],"4":[2,2],"5":[1,1]},"f":{"1":2,"2":2,"3":2},"fnMap":{"1":{"name":"(anonymous_1)","line":12,"loc":{"start":{"line":12,"column":1},"end":{"line":12,"column":13}}},"2":{"name":"(anonymous_2)","line":19,"loc":{"start":{"line":19,"column":5},"end":{"line":19,"column":17}}},"3":{"name":"(anonymous_3)","line":23,"loc":{"start":{"line":23,"column":24},"end":{"line":23,"column":36}}}},"statementMap":{"1":{"start":{"line":12,"column":0},"end":{"line":53,"column":5}},"2":{"start":{"line":14,"column":4},"end":{"line":14,"column":14}},"3":{"start":{"line":19,"column":4},"end":{"line":52,"column":9}},"4":{"start":{"line":21,"column":8},"end":{"line":21,"column":19}},"5":{"start":{"line":23,"column":8},"end":{"line":35,"column":13}},"6":{"start":{"line":24,"column":12},"end":{"line":34,"column":13}},"7":{"start":{"line":25,"column":16},"end":{"line":28,"column":30}},"8":{"start":{"line":30,"column":16},"end":{"line":33,"column":27}},"9":{"start":{"line":37,"column":8},"end":{"line":39,"column":21}},"10":{"start":{"line":41,"column":8},"end":{"line":41,"column":54}},"11":{"start":{"line":43,"column":8},"end":{"line":43,"column":58}},"12":{"start":{"line":45,"column":8},"end":{"line":51,"column":9}},"13":{"start":{"line":46,"column":12},"end":{"line":46,"column":64}},"14":{"start":{"line":48,"column":12},"end":{"line":48,"column":35}},"15":{"start":{"line":49,"column":12},"end":{"line":49,"column":49}},"16":{"start":{"line":50,"column":12},"end":{"line":50,"column":43}}},"branchMap":{"1":{"line":25,"type":"binary-expr","locations":[{"start":{"line":25,"column":23},"end":{"line":25,"column":62}},{"start":{"line":26,"column":20},"end":{"line":26,"column":70}},{"start":{"line":27,"column":20},"end":{"line":27,"column":71}},{"start":{"line":28,"column":20},"end":{"line":28,"column":29}}]},"2":{"line":30,"type":"binary-expr","locations":[{"start":{"line":30,"column":23},"end":{"line":30,"column":37}},{"start":{"line":31,"column":20},"end":{"line":31,"column":61}},{"start":{"line":32,"column":20},"end":{"line":32,"column":70}},{"start":{"line":33,"column":20},"end":{"line":33,"column":26}}]},"3":{"line":37,"type":"cond-expr","locations":[{"start":{"line":38,"column":14},"end":{"line":38,"column":20}},{"start":{"line":39,"column":14},"end":{"line":39,"column":20}}]},"4":{"line":41,"type":"binary-expr","locations":[{"start":{"line":41,"column":16},"end":{"line":41,"column":44}},{"start":{"line":41,"column":48},"end":{"line":41,"column":53}}]},"5":{"line":45,"type":"if","locations":[{"start":{"line":45,"column":8},"end":{"line":45,"column":8}},{"start":{"line":45,"column":8},"end":{"line":45,"column":8}}]}},"code":["/* istanbul instrument in package npmtest_shipit_deploy */","/*jslint","    bitwise: true,","    browser: true,","    maxerr: 8,","    maxlen: 96,","    node: true,","    nomen: true,","    regexp: true,","    stupid: true","*/","(function () {","    'use strict';","    var local;","","","","    // run shared js-env code - pre-init","    (function () {","        // init local","        local = {};","        // init modeJs","        local.modeJs = (function () {","            try {","                return typeof navigator.userAgent === 'string' &&","                    typeof document.querySelector('body') === 'object' &&","                    typeof XMLHttpRequest.prototype.open === 'function' &&","                    'browser';","            } catch (errorCaughtBrowser) {","                return module.exports &&","                    typeof process.versions.node === 'string' &&","                    typeof require('http').createServer === 'function' &&","                    'node';","            }","        }());","        // init global","        local.global = local.modeJs === 'browser'","            ? window","            : global;","        // init utility2_rollup","        local = local.global.utility2_rollup || local;","        // init lib","        local.local = local.npmtest_shipit_deploy = local;","        // init exports","        if (local.modeJs === 'browser') {","            local.global.utility2_npmtest_shipit_deploy = local;","        } else {","            module.exports = local;","            module.exports.__dirname = __dirname;","            module.exports.module = module;","        }","    }());","}());",""],"l":{"12":2,"14":2,"19":2,"21":2,"23":2,"24":2,"25":2,"30":1,"37":2,"41":2,"43":2,"45":2,"46":1,"48":1,"49":1,"50":1}},"/home/travis/build/npmtest/node-npmtest-shipit-deploy/example.js":{"path":"/home/travis/build/npmtest/node-npmtest-shipit-deploy/example.js","s":{"1":2,"2":2,"3":2,"4":2,"5":2,"6":2,"7":2,"8":1,"9":2,"10":2,"11":2,"12":2,"13":1,"14":2,"15":2,"16":2,"17":2,"18":2,"19":0,"20":2,"21":1,"22":1,"23":1,"24":1,"25":1,"26":0,"27":0,"28":1,"29":1,"30":2,"31":0,"32":0,"33":0,"34":1,"35":2,"36":2,"37":3,"38":3,"39":3,"40":3,"41":0,"42":3,"43":3,"44":3,"45":1,"46":3,"47":1,"48":1,"49":1,"50":1,"51":1,"52":1,"53":1,"54":1,"55":1,"56":1,"57":0,"58":1,"59":6,"60":6,"61":1,"62":2,"63":0,"64":2,"65":1,"66":1,"67":0,"68":0,"69":0,"70":0,"71":0,"72":0,"73":0,"74":0,"75":0,"76":0,"77":0,"78":0,"79":0,"80":0,"81":0,"82":0,"83":0},"b":{"1":[2,1,1,1],"2":[1,1,1,1],"3":[1,1],"4":[2,2],"5":[1,1],"6":[1,1],"7":[2,0],"8":[2,1,1,1,1,1],"9":[0,2,0],"10":[1,1],"11":[2,1,1],"12":[1,0],"13":[0,2],"14":[2,0,0,0,0,0,0],"15":[0,3],"16":[3,0],"17":[1,1],"18":[0,1],"19":[1,2,0,2],"20":[1,0],"21":[1,1],"22":[0,0],"23":[0,0],"24":[0,0],"25":[0,0],"26":[0,0],"27":[0,0],"28":[0,0]},"f":{"1":2,"2":2,"3":2,"4":2,"5":2,"6":2,"7":3,"8":3,"9":3,"10":1,"11":6,"12":0},"fnMap":{"1":{"name":"(anonymous_1)","line":26,"loc":{"start":{"line":26,"column":1},"end":{"line":26,"column":13}}},"2":{"name":"(anonymous_2)","line":33,"loc":{"start":{"line":33,"column":5},"end":{"line":33,"column":17}}},"3":{"name":"(anonymous_3)","line":37,"loc":{"start":{"line":37,"column":24},"end":{"line":37,"column":36}}},"4":{"name":"(anonymous_4)","line":69,"loc":{"start":{"line":69,"column":31},"end":{"line":69,"column":48}},"skip":true},"5":{"name":"(anonymous_5)","line":78,"loc":{"start":{"line":78,"column":26},"end":{"line":78,"column":45}},"skip":true},"6":{"name":"(anonymous_6)","line":123,"loc":{"start":{"line":123,"column":33},"end":{"line":123,"column":48}},"skip":true},"7":{"name":"(anonymous_7)","line":125,"loc":{"start":{"line":125,"column":27},"end":{"line":125,"column":39}},"skip":true},"8":{"name":"(anonymous_8)","line":133,"loc":{"start":{"line":133,"column":59},"end":{"line":133,"column":74}},"skip":true},"9":{"name":"(anonymous_9)","line":143,"loc":{"start":{"line":143,"column":45},"end":{"line":143,"column":62}},"skip":true},"10":{"name":"(anonymous_10)","line":144,"loc":{"start":{"line":144,"column":73},"end":{"line":144,"column":92}},"skip":true},"11":{"name":"(anonymous_11)","line":272,"loc":{"start":{"line":272,"column":51},"end":{"line":272,"column":77}},"skip":true},"12":{"name":"(anonymous_12)","line":315,"loc":{"start":{"line":315,"column":32},"end":{"line":315,"column":61}},"skip":true}},"statementMap":{"1":{"start":{"line":26,"column":0},"end":{"line":326,"column":5}},"2":{"start":{"line":28,"column":4},"end":{"line":28,"column":14}},"3":{"start":{"line":33,"column":4},"end":{"line":60,"column":9}},"4":{"start":{"line":35,"column":8},"end":{"line":35,"column":19}},"5":{"start":{"line":37,"column":8},"end":{"line":49,"column":13}},"6":{"start":{"line":38,"column":12},"end":{"line":48,"column":13}},"7":{"start":{"line":39,"column":16},"end":{"line":42,"column":30}},"8":{"start":{"line":44,"column":16},"end":{"line":47,"column":27}},"9":{"start":{"line":51,"column":8},"end":{"line":53,"column":21}},"10":{"start":{"line":55,"column":8},"end":{"line":57,"column":45}},"11":{"start":{"line":59,"column":8},"end":{"line":59,"column":35}},"12":{"start":{"line":61,"column":4},"end":{"line":325,"column":5}},"13":{"start":{"line":69,"column":8},"end":{"line":121,"column":10},"skip":true},"14":{"start":{"line":70,"column":12},"end":{"line":88,"column":13},"skip":true},"15":{"start":{"line":76,"column":16},"end":{"line":87,"column":19},"skip":true},"16":{"start":{"line":79,"column":20},"end":{"line":86,"column":21},"skip":true},"17":{"start":{"line":82,"column":24},"end":{"line":82,"column":43},"skip":true},"18":{"start":{"line":83,"column":24},"end":{"line":83,"column":30},"skip":true},"19":{"start":{"line":85,"column":24},"end":{"line":85,"column":49},"skip":true},"20":{"start":{"line":89,"column":12},"end":{"line":107,"column":13},"skip":true},"21":{"start":{"line":92,"column":16},"end":{"line":102,"column":17},"skip":true},"22":{"start":{"line":93,"column":20},"end":{"line":93,"column":86},"skip":true},"23":{"start":{"line":94,"column":20},"end":{"line":95,"column":45},"skip":true},"24":{"start":{"line":96,"column":20},"end":{"line":96,"column":42},"skip":true},"25":{"start":{"line":97,"column":20},"end":{"line":97,"column":48},"skip":true},"26":{"start":{"line":100,"column":20},"end":{"line":100,"column":85},"skip":true},"27":{"start":{"line":101,"column":20},"end":{"line":101,"column":96},"skip":true},"28":{"start":{"line":103,"column":16},"end":{"line":103,"column":22},"skip":true},"29":{"start":{"line":106,"column":16},"end":{"line":106,"column":22},"skip":true},"30":{"start":{"line":108,"column":12},"end":{"line":120,"column":13},"skip":true},"31":{"start":{"line":114,"column":16},"end":{"line":119,"column":17},"skip":true},"32":{"start":{"line":116,"column":20},"end":{"line":116,"column":78},"skip":true},"33":{"start":{"line":118,"column":20},"end":{"line":118,"column":47},"skip":true},"34":{"start":{"line":123,"column":8},"end":{"line":141,"column":11},"skip":true},"35":{"start":{"line":124,"column":12},"end":{"line":124,"column":54},"skip":true},"36":{"start":{"line":125,"column":12},"end":{"line":140,"column":14},"skip":true},"37":{"start":{"line":126,"column":16},"end":{"line":126,"column":28},"skip":true},"38":{"start":{"line":127,"column":16},"end":{"line":127,"column":69},"skip":true},"39":{"start":{"line":128,"column":16},"end":{"line":128,"column":75},"skip":true},"40":{"start":{"line":129,"column":16},"end":{"line":131,"column":17},"skip":true},"41":{"start":{"line":130,"column":20},"end":{"line":130,"column":27},"skip":true},"42":{"start":{"line":133,"column":16},"end":{"line":137,"column":36},"skip":true},"43":{"start":{"line":134,"column":20},"end":{"line":136,"column":55},"skip":true},"44":{"start":{"line":139,"column":16},"end":{"line":139,"column":57},"skip":true},"45":{"start":{"line":143,"column":8},"end":{"line":147,"column":11},"skip":true},"46":{"start":{"line":144,"column":12},"end":{"line":146,"column":15},"skip":true},"47":{"start":{"line":145,"column":16},"end":{"line":145,"column":70},"skip":true},"48":{"start":{"line":149,"column":8},"end":{"line":149,"column":31},"skip":true},"49":{"start":{"line":150,"column":8},"end":{"line":150,"column":14},"skip":true},"50":{"start":{"line":158,"column":8},"end":{"line":158,"column":31},"skip":true},"51":{"start":{"line":160,"column":8},"end":{"line":160,"column":33},"skip":true},"52":{"start":{"line":161,"column":8},"end":{"line":161,"column":37},"skip":true},"53":{"start":{"line":162,"column":8},"end":{"line":162,"column":35},"skip":true},"54":{"start":{"line":164,"column":8},"end":{"line":164,"column":50},"skip":true},"55":{"start":{"line":166,"column":8},"end":{"line":256,"column":2},"skip":true},"56":{"start":{"line":258,"column":8},"end":{"line":286,"column":9},"skip":true},"57":{"start":{"line":259,"column":12},"end":{"line":269,"column":14},"skip":true},"58":{"start":{"line":271,"column":12},"end":{"line":285,"column":19},"skip":true},"59":{"start":{"line":274,"column":20},"end":{"line":274,"column":35},"skip":true},"60":{"start":{"line":275,"column":20},"end":{"line":284,"column":21},"skip":true},"61":{"start":{"line":277,"column":24},"end":{"line":277,"column":64},"skip":true},"62":{"start":{"line":279,"column":24},"end":{"line":279,"column":40},"skip":true},"63":{"start":{"line":281,"column":24},"end":{"line":281,"column":40},"skip":true},"64":{"start":{"line":283,"column":24},"end":{"line":283,"column":39},"skip":true},"65":{"start":{"line":288,"column":8},"end":{"line":290,"column":9},"skip":true},"66":{"start":{"line":289,"column":12},"end":{"line":289,"column":18},"skip":true},"67":{"start":{"line":291,"column":8},"end":{"line":293,"column":54},"skip":true},"68":{"start":{"line":296,"column":8},"end":{"line":301,"column":37},"skip":true},"69":{"start":{"line":303,"column":8},"end":{"line":303,"column":82},"skip":true},"70":{"start":{"line":306,"column":8},"end":{"line":308,"column":9},"skip":true},"71":{"start":{"line":307,"column":12},"end":{"line":307,"column":82},"skip":true},"72":{"start":{"line":310,"column":8},"end":{"line":312,"column":9},"skip":true},"73":{"start":{"line":311,"column":12},"end":{"line":311,"column":18},"skip":true},"74":{"start":{"line":313,"column":8},"end":{"line":313,"column":54},"skip":true},"75":{"start":{"line":314,"column":8},"end":{"line":314,"column":69},"skip":true},"76":{"start":{"line":315,"column":8},"end":{"line":323,"column":36},"skip":true},"77":{"start":{"line":316,"column":12},"end":{"line":316,"column":61},"skip":true},"78":{"start":{"line":317,"column":12},"end":{"line":320,"column":13},"skip":true},"79":{"start":{"line":318,"column":16},"end":{"line":318,"column":75},"skip":true},"80":{"start":{"line":319,"column":16},"end":{"line":319,"column":23},"skip":true},"81":{"start":{"line":321,"column":12},"end":{"line":321,"column":38},"skip":true},"82":{"start":{"line":322,"column":12},"end":{"line":322,"column":27},"skip":true},"83":{"start":{"line":324,"column":8},"end":{"line":324,"column":14},"skip":true}},"branchMap":{"1":{"line":39,"type":"binary-expr","locations":[{"start":{"line":39,"column":23},"end":{"line":39,"column":62}},{"start":{"line":40,"column":20},"end":{"line":40,"column":70}},{"start":{"line":41,"column":20},"end":{"line":41,"column":71}},{"start":{"line":42,"column":20},"end":{"line":42,"column":29}}]},"2":{"line":44,"type":"binary-expr","locations":[{"start":{"line":44,"column":23},"end":{"line":44,"column":37}},{"start":{"line":45,"column":20},"end":{"line":45,"column":61}},{"start":{"line":46,"column":20},"end":{"line":46,"column":70}},{"start":{"line":47,"column":20},"end":{"line":47,"column":26}}]},"3":{"line":51,"type":"cond-expr","locations":[{"start":{"line":52,"column":14},"end":{"line":52,"column":20}},{"start":{"line":53,"column":14},"end":{"line":53,"column":20}}]},"4":{"line":55,"type":"binary-expr","locations":[{"start":{"line":55,"column":16},"end":{"line":55,"column":44}},{"start":{"line":55,"column":49},"end":{"line":57,"column":43}}]},"5":{"line":55,"type":"cond-expr","locations":[{"start":{"line":56,"column":14},"end":{"line":56,"column":57}},{"start":{"line":57,"column":14},"end":{"line":57,"column":43}}]},"6":{"line":61,"type":"switch","locations":[{"start":{"line":68,"column":4},"end":{"line":150,"column":14},"skip":true},{"start":{"line":156,"column":4},"end":{"line":324,"column":14},"skip":true}]},"7":{"line":70,"type":"if","locations":[{"start":{"line":70,"column":12},"end":{"line":70,"column":12},"skip":true},{"start":{"line":70,"column":12},"end":{"line":70,"column":12},"skip":true}]},"8":{"line":70,"type":"binary-expr","locations":[{"start":{"line":70,"column":16},"end":{"line":70,"column":22},"skip":true},{"start":{"line":70,"column":27},"end":{"line":70,"column":32},"skip":true},{"start":{"line":71,"column":20},"end":{"line":71,"column":39},"skip":true},{"start":{"line":72,"column":20},"end":{"line":72,"column":49},"skip":true},{"start":{"line":73,"column":20},"end":{"line":73,"column":58},"skip":true},{"start":{"line":74,"column":20},"end":{"line":74,"column":69},"skip":true}]},"9":{"line":79,"type":"switch","locations":[{"start":{"line":80,"column":20},"end":{"line":80,"column":33},"skip":true},{"start":{"line":81,"column":20},"end":{"line":83,"column":30},"skip":true},{"start":{"line":84,"column":20},"end":{"line":85,"column":49},"skip":true}]},"10":{"line":89,"type":"switch","locations":[{"start":{"line":90,"column":12},"end":{"line":103,"column":22},"skip":true},{"start":{"line":105,"column":12},"end":{"line":106,"column":22},"skip":true}]},"11":{"line":89,"type":"binary-expr","locations":[{"start":{"line":89,"column":20},"end":{"line":89,"column":25},"skip":true},{"start":{"line":89,"column":29},"end":{"line":89,"column":48},"skip":true},{"start":{"line":89,"column":52},"end":{"line":89,"column":74},"skip":true}]},"12":{"line":92,"type":"if","locations":[{"start":{"line":92,"column":16},"end":{"line":92,"column":16},"skip":true},{"start":{"line":92,"column":16},"end":{"line":92,"column":16},"skip":true}]},"13":{"line":108,"type":"if","locations":[{"start":{"line":108,"column":12},"end":{"line":108,"column":12},"skip":true},{"start":{"line":108,"column":12},"end":{"line":108,"column":12},"skip":true}]},"14":{"line":108,"type":"binary-expr","locations":[{"start":{"line":108,"column":16},"end":{"line":108,"column":61},"skip":true},{"start":{"line":108,"column":66},"end":{"line":108,"column":72},"skip":true},{"start":{"line":108,"column":77},"end":{"line":108,"column":82},"skip":true},{"start":{"line":109,"column":20},"end":{"line":109,"column":39},"skip":true},{"start":{"line":110,"column":20},"end":{"line":110,"column":49},"skip":true},{"start":{"line":111,"column":20},"end":{"line":111,"column":58},"skip":true},{"start":{"line":112,"column":20},"end":{"line":112,"column":68},"skip":true}]},"15":{"line":129,"type":"if","locations":[{"start":{"line":129,"column":16},"end":{"line":129,"column":16},"skip":true},{"start":{"line":129,"column":16},"end":{"line":129,"column":16},"skip":true}]},"16":{"line":134,"type":"cond-expr","locations":[{"start":{"line":135,"column":26},"end":{"line":135,"column":29},"skip":true},{"start":{"line":136,"column":26},"end":{"line":136,"column":54},"skip":true}]},"17":{"line":164,"type":"binary-expr","locations":[{"start":{"line":164,"column":27},"end":{"line":164,"column":43},"skip":true},{"start":{"line":164,"column":47},"end":{"line":164,"column":49},"skip":true}]},"18":{"line":258,"type":"if","locations":[{"start":{"line":258,"column":8},"end":{"line":258,"column":8},"skip":true},{"start":{"line":258,"column":8},"end":{"line":258,"column":8},"skip":true}]},"19":{"line":275,"type":"switch","locations":[{"start":{"line":276,"column":20},"end":{"line":277,"column":64},"skip":true},{"start":{"line":278,"column":20},"end":{"line":279,"column":40},"skip":true},{"start":{"line":280,"column":20},"end":{"line":281,"column":40},"skip":true},{"start":{"line":282,"column":20},"end":{"line":283,"column":39},"skip":true}]},"20":{"line":288,"type":"if","locations":[{"start":{"line":288,"column":8},"end":{"line":288,"column":8},"skip":true},{"start":{"line":288,"column":8},"end":{"line":288,"column":8},"skip":true}]},"21":{"line":288,"type":"binary-expr","locations":[{"start":{"line":288,"column":12},"end":{"line":288,"column":40},"skip":true},{"start":{"line":288,"column":44},"end":{"line":288,"column":67},"skip":true}]},"22":{"line":292,"type":"binary-expr","locations":[{"start":{"line":292,"column":12},"end":{"line":292,"column":50},"skip":true},{"start":{"line":293,"column":12},"end":{"line":293,"column":53},"skip":true}]},"23":{"line":297,"type":"binary-expr","locations":[{"start":{"line":297,"column":12},"end":{"line":297,"column":71},"skip":true},{"start":{"line":298,"column":12},"end":{"line":301,"column":36},"skip":true}]},"24":{"line":303,"type":"binary-expr","locations":[{"start":{"line":303,"column":43},"end":{"line":303,"column":75},"skip":true},{"start":{"line":303,"column":79},"end":{"line":303,"column":81},"skip":true}]},"25":{"line":306,"type":"if","locations":[{"start":{"line":306,"column":8},"end":{"line":306,"column":8},"skip":true},{"start":{"line":306,"column":8},"end":{"line":306,"column":8},"skip":true}]},"26":{"line":310,"type":"if","locations":[{"start":{"line":310,"column":8},"end":{"line":310,"column":8},"skip":true},{"start":{"line":310,"column":8},"end":{"line":310,"column":8},"skip":true}]},"27":{"line":313,"type":"binary-expr","locations":[{"start":{"line":313,"column":27},"end":{"line":313,"column":43},"skip":true},{"start":{"line":313,"column":47},"end":{"line":313,"column":53},"skip":true}]},"28":{"line":317,"type":"if","locations":[{"start":{"line":317,"column":12},"end":{"line":317,"column":12},"skip":true},{"start":{"line":317,"column":12},"end":{"line":317,"column":12},"skip":true}]}},"code":["/*","example.js","","quickstart example","","instruction","    1. save this script as example.js","    2. run the shell command:","        $ npm install npmtest-shipit-deploy && PORT=8081 node example.js","    3. play with the browser-demo on http://127.0.0.1:8081","*/","","","","/* istanbul instrument in package npmtest_shipit_deploy */","/*jslint","    bitwise: true,","    browser: true,","    maxerr: 8,","    maxlen: 96,","    node: true,","    nomen: true,","    regexp: true,","    stupid: true","*/","(function () {","    'use strict';","    var local;","","","","    // run shared js-env code - pre-init","    (function () {","        // init local","        local = {};","        // init modeJs","        local.modeJs = (function () {","            try {","                return typeof navigator.userAgent === 'string' &&","                    typeof document.querySelector('body') === 'object' &&","                    typeof XMLHttpRequest.prototype.open === 'function' &&","                    'browser';","            } catch (errorCaughtBrowser) {","                return module.exports &&","                    typeof process.versions.node === 'string' &&","                    typeof require('http').createServer === 'function' &&","                    'node';","            }","        }());","        // init global","        local.global = local.modeJs === 'browser'","            ? window","            : global;","        // init utility2_rollup","        local = local.global.utility2_rollup || (local.modeJs === 'browser'","            ? local.global.utility2_npmtest_shipit_deploy","            : global.utility2_moduleExports);","        // export local","        local.global.local = local;","    }());","    switch (local.modeJs) {","","","","    // post-init","    // run browser js-env code - post-init","    /* istanbul ignore next */","    case 'browser':","        local.testRunBrowser = function (event) {","            if (!event || (event &&","                    event.currentTarget &&","                    event.currentTarget.className &&","                    event.currentTarget.className.includes &&","                    event.currentTarget.className.includes('onreset'))) {","                // reset output","                Array.from(","                    document.querySelectorAll('body > .resettable')","                ).forEach(function (element) {","                    switch (element.tagName) {","                    case 'INPUT':","                    case 'TEXTAREA':","                        element.value = '';","                        break;","                    default:","                        element.textContent = '';","                    }","                });","            }","            switch (event && event.currentTarget && event.currentTarget.id) {","            case 'testRunButton1':","                // show tests","                if (document.querySelector('#testReportDiv1').style.display === 'none') {","                    document.querySelector('#testReportDiv1').style.display = 'block';","                    document.querySelector('#testRunButton1').textContent =","                        'hide internal test';","                    local.modeTest = true;","                    local.testRunDefault(local);","                // hide tests","                } else {","                    document.querySelector('#testReportDiv1').style.display = 'none';","                    document.querySelector('#testRunButton1').textContent = 'run internal test';","                }","                break;","            // custom-case","            default:","                break;","            }","            if (document.querySelector('#inputTextareaEval1') && (!event || (event &&","                    event.currentTarget &&","                    event.currentTarget.className &&","                    event.currentTarget.className.includes &&","                    event.currentTarget.className.includes('oneval')))) {","                // try to eval input-code","                try {","                    /*jslint evil: true*/","                    eval(document.querySelector('#inputTextareaEval1').value);","                } catch (errorCaught) {","                    console.error(errorCaught);","                }","            }","        };","        // log stderr and stdout to #outputTextareaStdout1","        ['error', 'log'].forEach(function (key) {","            console[key + '_original'] = console[key];","            console[key] = function () {","                var element;","                console[key + '_original'].apply(console, arguments);","                element = document.querySelector('#outputTextareaStdout1');","                if (!element) {","                    return;","                }","                // append text to #outputTextareaStdout1","                element.value += Array.from(arguments).map(function (arg) {","                    return typeof arg === 'string'","                        ? arg","                        : JSON.stringify(arg, null, 4);","                }).join(' ') + '\\n';","                // scroll textarea to bottom","                element.scrollTop = element.scrollHeight;","            };","        });","        // init event-handling","        ['change', 'click', 'keyup'].forEach(function (event) {","            Array.from(document.querySelectorAll('.on' + event)).forEach(function (element) {","                element.addEventListener(event, local.testRunBrowser);","            });","        });","        // run tests","        local.testRunBrowser();","        break;","","","","    // run node js-env code - post-init","    /* istanbul ignore next */","    case 'node':","        // export local","        module.exports = local;","        // require modules","        local.fs = require('fs');","        local.http = require('http');","        local.url = require('url');","        // init assets","        local.assetsDict = local.assetsDict || {};","        /* jslint-ignore-begin */","        local.assetsDict['/assets.index.template.html'] = '\\","<!doctype html>\\n\\","<html lang=\"en\">\\n\\","<head>\\n\\","<meta charset=\"UTF-8\">\\n\\","<meta name=\"viewport\" content=\"width=device-width, initial-scale=1\">\\n\\","<title>{{env.npm_package_name}} (v{{env.npm_package_version}})</title>\\n\\","<style>\\n\\","/*csslint\\n\\","    box-sizing: false,\\n\\","    universal-selector: false\\n\\","*/\\n\\","* {\\n\\","    box-sizing: border-box;\\n\\","}\\n\\","body {\\n\\","    background: #dde;\\n\\","    font-family: Arial, Helvetica, sans-serif;\\n\\","    margin: 2rem;\\n\\","}\\n\\","body > * {\\n\\","    margin-bottom: 1rem;\\n\\","}\\n\\",".utility2FooterDiv {\\n\\","    margin-top: 20px;\\n\\","    text-align: center;\\n\\","}\\n\\","</style>\\n\\","<style>\\n\\","/*csslint\\n\\","*/\\n\\","textarea {\\n\\","    font-family: monospace;\\n\\","    height: 10rem;\\n\\","    width: 100%;\\n\\","}\\n\\","textarea[readonly] {\\n\\","    background: #ddd;\\n\\","}\\n\\","</style>\\n\\","</head>\\n\\","<body>\\n\\","<!-- utility2-comment\\n\\","<div id=\"ajaxProgressDiv1\" style=\"background: #d00; height: 2px; left: 0; margin: 0; padding: 0; position: fixed; top: 0; transition: background 0.5s, width 1.5s; width: 25%;\"></div>\\n\\","utility2-comment -->\\n\\","<h1>\\n\\","<!-- utility2-comment\\n\\","    <a\\n\\","        {{#if env.npm_package_homepage}}\\n\\","        href=\"{{env.npm_package_homepage}}\"\\n\\","        {{/if env.npm_package_homepage}}\\n\\","        target=\"_blank\"\\n\\","    >\\n\\","utility2-comment -->\\n\\","        {{env.npm_package_name}} (v{{env.npm_package_version}})\\n\\","<!-- utility2-comment\\n\\","    </a>\\n\\","utility2-comment -->\\n\\","</h1>\\n\\","<h3>{{env.npm_package_description}}</h3>\\n\\","<!-- utility2-comment\\n\\","<h4><a download href=\"assets.app.js\">download standalone app</a></h4>\\n\\","<button class=\"onclick onreset\" id=\"testRunButton1\">run internal test</button><br>\\n\\","<div id=\"testReportDiv1\" style=\"display: none;\"></div>\\n\\","utility2-comment -->\\n\\","\\n\\","\\n\\","\\n\\","<label>stderr and stdout</label>\\n\\","<textarea class=\"resettable\" id=\"outputTextareaStdout1\" readonly></textarea>\\n\\","<!-- utility2-comment\\n\\","{{#if isRollup}}\\n\\","<script src=\"assets.app.js\"></script>\\n\\","{{#unless isRollup}}\\n\\","utility2-comment -->\\n\\","<script src=\"assets.utility2.rollup.js\"></script>\\n\\","<script src=\"jsonp.utility2._stateInit?callback=window.utility2._stateInit\"></script>\\n\\","<script src=\"assets.npmtest_shipit_deploy.rollup.js\"></script>\\n\\","<script src=\"assets.example.js\"></script>\\n\\","<script src=\"assets.test.js\"></script>\\n\\","<!-- utility2-comment\\n\\","{{/if isRollup}}\\n\\","utility2-comment -->\\n\\","<div class=\"utility2FooterDiv\">\\n\\","    [ this app was created with\\n\\","    <a href=\"https://github.com/kaizhu256/node-utility2\" target=\"_blank\">utility2</a>\\n\\","    ]\\n\\","</div>\\n\\","</body>\\n\\","</html>\\n\\","';","        /* jslint-ignore-end */","        if (local.templateRender) {","            local.assetsDict['/'] = local.templateRender(","                local.assetsDict['/assets.index.template.html'],","                {","                    env: local.objectSetDefault(local.env, {","                        npm_package_description: 'the greatest app in the world!',","                        npm_package_name: 'my-app',","                        npm_package_nameAlias: 'my_app',","                        npm_package_version: '0.0.1'","                    })","                }","            );","        } else {","            local.assetsDict['/'] = local.assetsDict['/assets.index.template.html']","                .replace((/\\{\\{env\\.(\\w+?)\\}\\}/g), function (match0, match1) {","                    // jslint-hack","                    String(match0);","                    switch (match1) {","                    case 'npm_package_description':","                        return 'the greatest app in the world!';","                    case 'npm_package_name':","                        return 'my-app';","                    case 'npm_package_nameAlias':","                        return 'my_app';","                    case 'npm_package_version':","                        return '0.0.1';","                    }","                });","        }","        // run the cli","        if (local.global.utility2_rollup || module !== require.main) {","            break;","        }","        local.assetsDict['/assets.example.js'] =","            local.assetsDict['/assets.example.js'] ||","            local.fs.readFileSync(__filename, 'utf8');","        // bug-workaround - long $npm_package_buildCustomOrg","        /* jslint-ignore-begin */","        local.assetsDict['/assets.npmtest_shipit_deploy.rollup.js'] =","            local.assetsDict['/assets.npmtest_shipit_deploy.rollup.js'] ||","            local.fs.readFileSync(","                local.npmtest_shipit_deploy.__dirname + '/lib.npmtest_shipit_deploy.js',","                'utf8'","            ).replace((/^#!/), '//');","        /* jslint-ignore-end */","        local.assetsDict['/favicon.ico'] = local.assetsDict['/favicon.ico'] || '';","        // if $npm_config_timeout_exit exists,","        // then exit this process after $npm_config_timeout_exit ms","        if (Number(process.env.npm_config_timeout_exit)) {","            setTimeout(process.exit, Number(process.env.npm_config_timeout_exit));","        }","        // start server","        if (local.global.utility2_serverHttp1) {","            break;","        }","        process.env.PORT = process.env.PORT || '8081';","        console.error('server starting on port ' + process.env.PORT);","        local.http.createServer(function (request, response) {","            request.urlParsed = local.url.parse(request.url);","            if (local.assetsDict[request.urlParsed.pathname] !== undefined) {","                response.end(local.assetsDict[request.urlParsed.pathname]);","                return;","            }","            response.statusCode = 404;","            response.end();","        }).listen(process.env.PORT);","        break;","    }","}());",""],"l":{"26":2,"28":2,"33":2,"35":2,"37":2,"38":2,"39":2,"44":1,"51":2,"55":2,"59":2,"61":2,"69":1,"70":2,"76":2,"79":2,"82":2,"83":2,"85":1,"89":2,"92":1,"93":1,"94":1,"96":1,"97":1,"100":1,"101":1,"103":1,"106":1,"108":2,"114":1,"116":1,"118":1,"123":1,"124":2,"125":2,"126":3,"127":3,"128":3,"129":3,"130":1,"133":3,"134":3,"139":3,"143":1,"144":3,"145":1,"149":1,"150":1,"158":1,"160":1,"161":1,"162":1,"164":1,"166":1,"258":1,"259":1,"271":1,"274":6,"275":6,"277":1,"279":2,"281":1,"283":2,"288":1,"289":1,"291":1,"296":1,"303":1,"306":1,"307":1,"310":1,"311":1,"313":1,"314":1,"315":1,"316":1,"317":1,"318":1,"319":1,"321":1,"322":1,"324":1}},"/home/travis/build/npmtest/node-npmtest-shipit-deploy/node_modules/shipit-deploy/index.js":{"path":"/home/travis/build/npmtest/node-npmtest-shipit-deploy/node_modules/shipit-deploy/index.js","s":{"1":1,"2":0,"3":0,"4":0},"b":{},"f":{"1":0},"fnMap":{"1":{"name":"(anonymous_1)","line":1,"loc":{"start":{"line":1,"column":17},"end":{"line":1,"column":35}}}},"statementMap":{"1":{"start":{"line":1,"column":0},"end":{"line":5,"column":2}},"2":{"start":{"line":2,"column":2},"end":{"line":2,"column":36}},"3":{"start":{"line":3,"column":2},"end":{"line":3,"column":38}},"4":{"start":{"line":4,"column":2},"end":{"line":4,"column":37}}},"branchMap":{},"code":["module.exports = function (shipit) {","  require('./tasks/deploy')(shipit);","  require('./tasks/rollback')(shipit);","  require('./tasks/pending')(shipit);","};",""],"l":{"1":1,"2":0,"3":0,"4":0}},"/home/travis/build/npmtest/node-npmtest-shipit-deploy/node_modules/shipit-deploy/lib/init.js":{"path":"/home/travis/build/npmtest/node-npmtest-shipit-deploy/node_modules/shipit-deploy/lib/init.js","s":{"1":1,"2":1,"3":1,"4":0,"5":0,"6":0,"7":0,"8":0},"b":{"1":[0,0]},"f":{"1":0},"fnMap":{"1":{"name":"(anonymous_1)","line":4,"loc":{"start":{"line":4,"column":17},"end":{"line":4,"column":34}}}},"statementMap":{"1":{"start":{"line":1,"column":0},"end":{"line":1,"column":34}},"2":{"start":{"line":2,"column":0},"end":{"line":2,"column":26}},"3":{"start":{"line":4,"column":0},"end":{"line":11,"column":2}},"4":{"start":{"line":5,"column":2},"end":{"line":5,"column":68}},"5":{"start":{"line":6,"column":2},"end":{"line":6,"column":70}},"6":{"start":{"line":7,"column":2},"end":{"line":7,"column":76}},"7":{"start":{"line":8,"column":2},"end":{"line":8,"column":62}},"8":{"start":{"line":10,"column":2},"end":{"line":10,"column":16}}},"branchMap":{"1":{"line":7,"type":"binary-expr","locations":[{"start":{"line":7,"column":31},"end":{"line":7,"column":57}},{"start":{"line":7,"column":61},"end":{"line":7,"column":75}}]}},"code":["var path = require('path2/posix');","var _ = require('lodash');","","module.exports = function(shipit) {","  shipit.currentPath = path.join(shipit.config.deployTo, 'current');","  shipit.releasesPath = path.join(shipit.config.deployTo, 'releases');","  shipit.config.gitLogFormat = shipit.config.gitLogFormat || '%h: %s - %an';","  _.assign(shipit.constructor.prototype, require('./shipit'));","","  return shipit;","};",""],"l":{"1":1,"2":1,"4":1,"5":0,"6":0,"7":0,"8":0,"10":0}},"/home/travis/build/npmtest/node-npmtest-shipit-deploy/node_modules/shipit-deploy/lib/shipit.js":{"path":"/home/travis/build/npmtest/node-npmtest-shipit-deploy/node_modules/shipit-deploy/lib/shipit.js","s":{"1":1,"2":1,"3":1,"4":1,"5":1,"6":0,"7":0,"8":0,"9":0,"10":1,"11":0,"12":0,"13":1,"14":0,"15":0,"16":0,"17":0,"18":1,"19":0,"20":0,"21":0,"22":0,"23":0,"24":0,"25":0,"26":0,"27":0,"28":0,"29":1,"30":0,"31":0,"32":0,"33":0,"34":0,"35":0,"36":1,"37":0,"38":0,"39":0,"40":0,"41":1,"42":0,"43":0,"44":0,"45":0,"46":0,"47":0,"48":0,"49":0,"50":0,"51":0,"52":0,"53":0,"54":0,"55":0,"56":0},"b":{"1":[0,0],"2":[0,0],"3":[0,0],"4":[0,0],"5":[0,0],"6":[0,0],"7":[0,0],"8":[0,0],"9":[0,0],"10":[0,0],"11":[0,0],"12":[0,0]},"f":{"1":0,"2":0,"3":0,"4":0,"5":0,"6":0,"7":0,"8":0,"9":0,"10":0,"11":0,"12":0,"13":0,"14":0,"15":0},"fnMap":{"1":{"name":"computeReleases","line":13,"loc":{"start":{"line":13,"column":0},"end":{"line":13,"column":33}}},"2":{"name":"equalValues","line":30,"loc":{"start":{"line":30,"column":0},"end":{"line":30,"column":29}}},"3":{"name":"(anonymous_3)","line":31,"loc":{"start":{"line":31,"column":22},"end":{"line":31,"column":39}}},"4":{"name":"computeReleaseDirname","line":43,"loc":{"start":{"line":43,"column":0},"end":{"line":43,"column":39}}},"5":{"name":"(anonymous_5)","line":56,"loc":{"start":{"line":56,"column":34},"end":{"line":56,"column":45}}},"6":{"name":"(anonymous_6)","line":60,"loc":{"start":{"line":60,"column":8},"end":{"line":60,"column":26}}},"7":{"name":"(anonymous_7)","line":81,"loc":{"start":{"line":81,"column":21},"end":{"line":81,"column":32}}},"8":{"name":"(anonymous_8)","line":85,"loc":{"start":{"line":85,"column":8},"end":{"line":85,"column":26}}},"9":{"name":"(anonymous_9)","line":101,"loc":{"start":{"line":101,"column":21},"end":{"line":101,"column":42}}},"10":{"name":"(anonymous_10)","line":106,"loc":{"start":{"line":106,"column":8},"end":{"line":106,"column":27}}},"11":{"name":"(anonymous_11)","line":111,"loc":{"start":{"line":111,"column":27},"end":{"line":111,"column":38}}},"12":{"name":"(anonymous_12)","line":115,"loc":{"start":{"line":115,"column":8},"end":{"line":115,"column":40}}},"13":{"name":"(anonymous_13)","line":120,"loc":{"start":{"line":120,"column":10},"end":{"line":120,"column":37}}},"14":{"name":"(anonymous_14)","line":126,"loc":{"start":{"line":126,"column":77},"end":{"line":126,"column":91}}},"15":{"name":"(anonymous_15)","line":138,"loc":{"start":{"line":138,"column":14},"end":{"line":138,"column":33}}}},"statementMap":{"1":{"start":{"line":1,"column":0},"end":{"line":1,"column":34}},"2":{"start":{"line":2,"column":0},"end":{"line":2,"column":26}},"3":{"start":{"line":3,"column":0},"end":{"line":3,"column":27}},"4":{"start":{"line":4,"column":0},"end":{"line":4,"column":28}},"5":{"start":{"line":13,"column":0},"end":{"line":21,"column":1}},"6":{"start":{"line":14,"column":2},"end":{"line":14,"column":34}},"7":{"start":{"line":14,"column":22},"end":{"line":14,"column":34}},"8":{"start":{"line":17,"column":2},"end":{"line":17,"column":46}},"9":{"start":{"line":20,"column":2},"end":{"line":20,"column":26}},"10":{"start":{"line":30,"column":0},"end":{"line":34,"column":1}},"11":{"start":{"line":31,"column":2},"end":{"line":33,"column":5}},"12":{"start":{"line":32,"column":4},"end":{"line":32,"column":39}},"13":{"start":{"line":43,"column":0},"end":{"line":50,"column":1}},"14":{"start":{"line":44,"column":2},"end":{"line":44,"column":34}},"15":{"start":{"line":44,"column":22},"end":{"line":44,"column":34}},"16":{"start":{"line":47,"column":2},"end":{"line":47,"column":48}},"17":{"start":{"line":49,"column":2},"end":{"line":49,"column":38}},"18":{"start":{"line":56,"column":0},"end":{"line":75,"column":2}},"19":{"start":{"line":57,"column":2},"end":{"line":57,"column":20}},"20":{"start":{"line":59,"column":2},"end":{"line":74,"column":5}},"21":{"start":{"line":61,"column":4},"end":{"line":61,"column":28}},"22":{"start":{"line":62,"column":4},"end":{"line":62,"column":61}},"23":{"start":{"line":64,"column":4},"end":{"line":66,"column":5}},"24":{"start":{"line":65,"column":6},"end":{"line":65,"column":56}},"25":{"start":{"line":68,"column":4},"end":{"line":71,"column":5}},"26":{"start":{"line":69,"column":6},"end":{"line":69,"column":46}},"27":{"start":{"line":70,"column":6},"end":{"line":70,"column":18}},"28":{"start":{"line":73,"column":4},"end":{"line":73,"column":30}},"29":{"start":{"line":81,"column":0},"end":{"line":93,"column":2}},"30":{"start":{"line":82,"column":2},"end":{"line":82,"column":20}},"31":{"start":{"line":84,"column":2},"end":{"line":92,"column":5}},"32":{"start":{"line":86,"column":4},"end":{"line":86,"column":48}},"33":{"start":{"line":88,"column":4},"end":{"line":89,"column":56}},"34":{"start":{"line":89,"column":6},"end":{"line":89,"column":56}},"35":{"start":{"line":91,"column":4},"end":{"line":91,"column":23}},"36":{"start":{"line":101,"column":0},"end":{"line":109,"column":2}},"37":{"start":{"line":102,"column":2},"end":{"line":102,"column":20}},"38":{"start":{"line":103,"column":2},"end":{"line":103,"column":68}},"39":{"start":{"line":105,"column":2},"end":{"line":108,"column":5}},"40":{"start":{"line":107,"column":4},"end":{"line":107,"column":37}},"41":{"start":{"line":111,"column":0},"end":{"line":145,"column":2}},"42":{"start":{"line":112,"column":2},"end":{"line":112,"column":20}},"43":{"start":{"line":114,"column":2},"end":{"line":144,"column":5}},"44":{"start":{"line":116,"column":4},"end":{"line":118,"column":5}},"45":{"start":{"line":117,"column":6},"end":{"line":117,"column":18}},"46":{"start":{"line":119,"column":4},"end":{"line":143,"column":7}},"47":{"start":{"line":121,"column":6},"end":{"line":123,"column":7}},"48":{"start":{"line":122,"column":8},"end":{"line":122,"column":20}},"49":{"start":{"line":126,"column":6},"end":{"line":142,"column":9}},"50":{"start":{"line":127,"column":8},"end":{"line":127,"column":70}},"51":{"start":{"line":129,"column":8},"end":{"line":131,"column":9}},"52":{"start":{"line":130,"column":10},"end":{"line":130,"column":22}},"53":{"start":{"line":134,"column":8},"end":{"line":134,"column":70}},"54":{"start":{"line":137,"column":8},"end":{"line":141,"column":11}},"55":{"start":{"line":139,"column":10},"end":{"line":139,"column":44}},"56":{"start":{"line":140,"column":10},"end":{"line":140,"column":34}}},"branchMap":{"1":{"line":14,"type":"if","locations":[{"start":{"line":14,"column":2},"end":{"line":14,"column":2}},{"start":{"line":14,"column":2},"end":{"line":14,"column":2}}]},"2":{"line":44,"type":"if","locations":[{"start":{"line":44,"column":2},"end":{"line":44,"column":2}},{"start":{"line":44,"column":2},"end":{"line":44,"column":2}}]},"3":{"line":61,"type":"binary-expr","locations":[{"start":{"line":61,"column":14},"end":{"line":61,"column":21}},{"start":{"line":61,"column":25},"end":{"line":61,"column":27}}]},"4":{"line":64,"type":"if","locations":[{"start":{"line":64,"column":4},"end":{"line":64,"column":4}},{"start":{"line":64,"column":4},"end":{"line":64,"column":4}}]},"5":{"line":68,"type":"if","locations":[{"start":{"line":68,"column":4},"end":{"line":68,"column":4}},{"start":{"line":68,"column":4},"end":{"line":68,"column":4}}]},"6":{"line":88,"type":"if","locations":[{"start":{"line":88,"column":4},"end":{"line":88,"column":4}},{"start":{"line":88,"column":4},"end":{"line":88,"column":4}}]},"7":{"line":116,"type":"if","locations":[{"start":{"line":116,"column":4},"end":{"line":116,"column":4}},{"start":{"line":116,"column":4},"end":{"line":116,"column":4}}]},"8":{"line":121,"type":"if","locations":[{"start":{"line":121,"column":6},"end":{"line":121,"column":6}},{"start":{"line":121,"column":6},"end":{"line":121,"column":6}}]},"9":{"line":127,"type":"cond-expr","locations":[{"start":{"line":127,"column":42},"end":{"line":127,"column":64}},{"start":{"line":127,"column":67},"end":{"line":127,"column":69}}]},"10":{"line":127,"type":"binary-expr","locations":[{"start":{"line":127,"column":22},"end":{"line":127,"column":25}},{"start":{"line":127,"column":29},"end":{"line":127,"column":39}}]},"11":{"line":129,"type":"if","locations":[{"start":{"line":129,"column":8},"end":{"line":129,"column":8}},{"start":{"line":129,"column":8},"end":{"line":129,"column":8}}]},"12":{"line":140,"type":"binary-expr","locations":[{"start":{"line":140,"column":17},"end":{"line":140,"column":25}},{"start":{"line":140,"column":29},"end":{"line":140,"column":33}}]}},"code":["var path = require('path2/posix');","var _ = require('lodash');","var util = require('util');","var Shipit = module.exports;","","/**"," * Compute the current release dir name."," *"," * @param {object} result"," * @returns {string}"," */","","function computeReleases(result) {","  if (!result.stdout) return null;","","  // Trim last breakline.","  var dirs = result.stdout.replace(/\\n$/, '');","","  // Convert releases to an array.","  return dirs.split('\\n');","}","","/**"," * Test if all values are equal."," *"," * @param {*[]} values"," * @returns {boolean}"," */","","function equalValues(values) {","  return values.every(function (value) {","    return _.isEqual(value, values[0]);","  });","}","","/**"," * Compute the current release dir name."," *"," * @param {object} result"," * @returns {string}"," */","","function computeReleaseDirname(result) {","  if (!result.stdout) return null;","","  // Trim last breakline.","  var target = result.stdout.replace(/\\n$/, '');","","  return target.split(path.sep).pop();","}","","/**"," * Return the current release dirname."," */","","Shipit.getCurrentReleaseDirname = function() {","  var shipit = this;","","  return shipit.remote(util.format('if [ -h %s ]; then readlink %s; fi', shipit.currentPath, shipit.currentPath))","  .then(function(results) {","    results = results || [];","    var releaseDirnames = results.map(computeReleaseDirname);","","    if (!equalValues(releaseDirnames)) {","      throw new Error('Remote servers are not synced.');","    }","","    if (!releaseDirnames[0]) {","      shipit.log('No current release found.');","      return null;","    }","","    return releaseDirnames[0];","  });","};","","/**"," * Return all remote releases (newest first)"," */","","Shipit.getReleases = function() {","  var shipit = this;","","  return shipit.remote('ls -r1 ' + shipit.releasesPath)","  .then(function(results) {","    var releases = results.map(computeReleases);","","    if (!equalValues(releases))","      throw new Error('Remote servers are not synced.');","","    return releases[0];","  });","};","","/**"," * Return SHA from remote REVISION file."," *"," * @param {string} releaseDir Directory name of the relesase dir (YYYYMMDDHHmmss)."," */","","Shipit.getRevision = function(releaseDir) {","  var shipit = this;","  var file = path.join(shipit.releasesPath, releaseDir, 'REVISION');","","  return shipit.remote('if [ -f ' + file + ' ]; then cat ' + file + ' 2>/dev/null; fi;')","  .then(function(response) {","    return response[0].stdout.trim();","  });","};","","Shipit.getPendingCommits = function() {","  var shipit = this;","","  return shipit.getCurrentReleaseDirname()","  .then(function(currentReleaseDirname) {","    if (!currentReleaseDirname) {","      return null;","    }","    return shipit.getRevision(currentReleaseDirname)","    .then(function(deployedRevision) {","      if (!deployedRevision) {","        return null;","      }","","      // Get local remotes.","      return shipit.local('git remote', {cwd: shipit.config.workspace}).then(function(res) {","        var remotes = res && res.stdout ? res.stdout.split(/\\s/) : [];","","        if (remotes.length < 1) {","          return null;","        }","","        // Compare against currently undeployed revision","        var compareRevision = remotes[0] + '/' + shipit.config.branch;","","        // Print diff","        return shipit.local('git log --pretty=format:\\\"' + shipit.config.gitLogFormat + '\\\" ' + deployedRevision + '..' + compareRevision, {cwd: shipit.config.workspace})","        .then(function(response) {","          response = response.stdout.trim();","          return response || null;","        });","      });","    });","  });","};",""],"l":{"1":1,"2":1,"3":1,"4":1,"13":1,"14":0,"17":0,"20":0,"30":1,"31":0,"32":0,"43":1,"44":0,"47":0,"49":0,"56":1,"57":0,"59":0,"61":0,"62":0,"64":0,"65":0,"68":0,"69":0,"70":0,"73":0,"81":1,"82":0,"84":0,"86":0,"88":0,"89":0,"91":0,"101":1,"102":0,"103":0,"105":0,"107":0,"111":1,"112":0,"114":0,"116":0,"117":0,"119":0,"121":0,"122":0,"126":0,"127":0,"129":0,"130":0,"134":0,"137":0,"139":0,"140":0}},"/home/travis/build/npmtest/node-npmtest-shipit-deploy/node_modules/shipit-deploy/tasks/grunt-task.js":{"path":"/home/travis/build/npmtest/node-npmtest-shipit-deploy/node_modules/shipit-deploy/tasks/grunt-task.js","s":{"1":1,"2":0,"3":0,"4":0},"b":{},"f":{"1":0},"fnMap":{"1":{"name":"(anonymous_1)","line":1,"loc":{"start":{"line":1,"column":17},"end":{"line":1,"column":34}}}},"statementMap":{"1":{"start":{"line":1,"column":0},"end":{"line":5,"column":2}},"2":{"start":{"line":2,"column":2},"end":{"line":2,"column":29}},"3":{"start":{"line":3,"column":2},"end":{"line":3,"column":31}},"4":{"start":{"line":4,"column":2},"end":{"line":4,"column":30}}},"branchMap":{},"code":["module.exports = function (grunt) {","  require('./deploy')(grunt);","  require('./rollback')(grunt);","  require('./pending')(grunt);","};",""],"l":{"1":1,"2":0,"3":0,"4":0}},"/home/travis/build/npmtest/node-npmtest-shipit-deploy/node_modules/shipit-deploy/tasks/deploy/clean.js":{"path":"/home/travis/build/npmtest/node-npmtest-shipit-deploy/node_modules/shipit-deploy/tasks/deploy/clean.js","s":{"1":1,"2":1,"3":0,"4":1,"5":0,"6":0,"7":0,"8":1,"9":0,"10":0,"11":0},"b":{},"f":{"1":0,"2":0,"3":0,"4":0},"fnMap":{"1":{"name":"(anonymous_1)","line":8,"loc":{"start":{"line":8,"column":17},"end":{"line":8,"column":42}}},"2":{"name":"task","line":11,"loc":{"start":{"line":11,"column":2},"end":{"line":11,"column":18}}},"3":{"name":"(anonymous_3)","line":15,"loc":{"start":{"line":15,"column":10},"end":{"line":15,"column":22}}},"4":{"name":"cleanOldReleases","line":23,"loc":{"start":{"line":23,"column":4},"end":{"line":23,"column":32}}}},"statementMap":{"1":{"start":{"line":1,"column":0},"end":{"line":1,"column":36}},"2":{"start":{"line":8,"column":0},"end":{"line":31,"column":2}},"3":{"start":{"line":9,"column":2},"end":{"line":9,"column":58}},"4":{"start":{"line":11,"column":2},"end":{"line":30,"column":3}},"5":{"start":{"line":12,"column":4},"end":{"line":12,"column":48}},"6":{"start":{"line":14,"column":4},"end":{"line":17,"column":7}},"7":{"start":{"line":16,"column":6},"end":{"line":16,"column":29}},"8":{"start":{"line":23,"column":4},"end":{"line":29,"column":5}},"9":{"start":{"line":24,"column":6},"end":{"line":24,"column":92}},"10":{"start":{"line":25,"column":6},"end":{"line":27,"column":38}},"11":{"start":{"line":28,"column":6},"end":{"line":28,"column":36}}},"branchMap":{},"code":["var utils = require('shipit-utils');","","/**"," * Clean task."," * - Remove old releases."," */","","module.exports = function (gruntOrShipit) {","  utils.registerTask(gruntOrShipit, 'deploy:clean', task);","","  function task() {","    var shipit = utils.getShipit(gruntOrShipit);","","    return cleanOldReleases()","    .then(function () {","      shipit.emit('cleaned');","    });","","    /**","     * Remove old releases.","     */","","    function cleanOldReleases() {","      shipit.log('Keeping \"%d\" last releases, cleaning others', shipit.config.keepReleases);","      var command = '(ls -rd ' + shipit.releasesPath +","      '/*|head -n ' + shipit.config.keepReleases + ';ls -d ' + shipit.releasesPath +","      '/*)|sort|uniq -u|xargs rm -rf';","      return shipit.remote(command);","    }","  }","};",""],"l":{"1":1,"8":1,"9":0,"11":1,"12":0,"14":0,"16":0,"23":1,"24":0,"25":0,"28":0}},"/home/travis/build/npmtest/node-npmtest-shipit-deploy/node_modules/shipit-deploy/tasks/deploy/fetch.js":{"path":"/home/travis/build/npmtest/node-npmtest-shipit-deploy/node_modules/shipit-deploy/tasks/deploy/fetch.js","s":{"1":1,"2":1,"3":1,"4":1,"5":1,"6":0,"7":1,"8":0,"9":0,"10":0,"11":1,"12":1,"13":0,"14":0,"15":0,"16":0,"17":0,"18":0,"19":0,"20":1,"21":0,"22":0,"23":0,"24":1,"25":0,"26":0,"27":0,"28":0,"29":0,"30":0,"31":1,"32":0,"33":0,"34":0,"35":0,"36":0,"37":0,"38":0,"39":1,"40":0,"41":0,"42":0,"43":0,"44":0,"45":0,"46":1,"47":0,"48":0,"49":0,"50":1,"51":0,"52":0,"53":0,"54":1,"55":0,"56":0,"57":0,"58":0,"59":0,"60":0,"61":0,"62":0,"63":0,"64":1,"65":0,"66":0,"67":0,"68":0,"69":0},"b":{"1":[0,0],"2":[0,0],"3":[0,0],"4":[0,0],"5":[0,0],"6":[0,0],"7":[0,0],"8":[0,0]},"f":{"1":0,"2":0,"3":0,"4":0,"5":0,"6":0,"7":0,"8":0,"9":0,"10":0,"11":0,"12":0,"13":0,"14":0,"15":0,"16":0,"17":0,"18":0,"19":0,"20":0,"21":0,"22":0,"23":0,"24":0,"25":0},"fnMap":{"1":{"name":"(anonymous_1)","line":13,"loc":{"start":{"line":13,"column":17},"end":{"line":13,"column":42}}},"2":{"name":"task","line":16,"loc":{"start":{"line":16,"column":2},"end":{"line":16,"column":18}}},"3":{"name":"(anonymous_3)","line":28,"loc":{"start":{"line":28,"column":10},"end":{"line":28,"column":22}}},"4":{"name":"createWorkspace","line":36,"loc":{"start":{"line":36,"column":4},"end":{"line":36,"column":31}}},"5":{"name":"create","line":37,"loc":{"start":{"line":37,"column":6},"end":{"line":37,"column":24}}},"6":{"name":"(anonymous_6)","line":40,"loc":{"start":{"line":40,"column":14},"end":{"line":40,"column":26}}},"7":{"name":"initRepository","line":58,"loc":{"start":{"line":58,"column":4},"end":{"line":58,"column":30}}},"8":{"name":"(anonymous_8)","line":61,"loc":{"start":{"line":61,"column":12},"end":{"line":61,"column":24}}},"9":{"name":"setGitConfig","line":70,"loc":{"start":{"line":70,"column":4},"end":{"line":70,"column":28}}},"10":{"name":"(anonymous_10)","line":77,"loc":{"start":{"line":77,"column":72},"end":{"line":77,"column":98}}},"11":{"name":"(anonymous_11)","line":83,"loc":{"start":{"line":83,"column":12},"end":{"line":83,"column":24}}},"12":{"name":"addRemote","line":92,"loc":{"start":{"line":92,"column":4},"end":{"line":92,"column":25}}},"13":{"name":"(anonymous_13)","line":97,"loc":{"start":{"line":97,"column":12},"end":{"line":97,"column":27}}},"14":{"name":"(anonymous_14)","line":110,"loc":{"start":{"line":110,"column":12},"end":{"line":110,"column":24}}},"15":{"name":"fetch","line":119,"loc":{"start":{"line":119,"column":4},"end":{"line":119,"column":21}}},"16":{"name":"(anonymous_16)","line":132,"loc":{"start":{"line":132,"column":12},"end":{"line":132,"column":24}}},"17":{"name":"checkout","line":141,"loc":{"start":{"line":141,"column":4},"end":{"line":141,"column":24}}},"18":{"name":"(anonymous_18)","line":147,"loc":{"start":{"line":147,"column":12},"end":{"line":147,"column":24}}},"19":{"name":"reset","line":156,"loc":{"start":{"line":156,"column":4},"end":{"line":156,"column":21}}},"20":{"name":"(anonymous_20)","line":162,"loc":{"start":{"line":162,"column":12},"end":{"line":162,"column":24}}},"21":{"name":"merge","line":171,"loc":{"start":{"line":171,"column":4},"end":{"line":171,"column":21}}},"22":{"name":"(anonymous_22)","line":179,"loc":{"start":{"line":179,"column":12},"end":{"line":179,"column":27}}},"23":{"name":"(anonymous_23)","line":195,"loc":{"start":{"line":195,"column":12},"end":{"line":195,"column":24}}},"24":{"name":"updateSubmodules","line":204,"loc":{"start":{"line":204,"column":4},"end":{"line":204,"column":32}}},"25":{"name":"(anonymous_25)","line":215,"loc":{"start":{"line":215,"column":16},"end":{"line":215,"column":28}}}},"statementMap":{"1":{"start":{"line":1,"column":0},"end":{"line":1,"column":36}},"2":{"start":{"line":2,"column":0},"end":{"line":2,"column":29}},"3":{"start":{"line":3,"column":0},"end":{"line":3,"column":31}},"4":{"start":{"line":4,"column":0},"end":{"line":4,"column":34}},"5":{"start":{"line":13,"column":0},"end":{"line":220,"column":2}},"6":{"start":{"line":14,"column":2},"end":{"line":14,"column":58}},"7":{"start":{"line":16,"column":2},"end":{"line":219,"column":3}},"8":{"start":{"line":17,"column":4},"end":{"line":17,"column":48}},"9":{"start":{"line":19,"column":4},"end":{"line":30,"column":7}},"10":{"start":{"line":29,"column":6},"end":{"line":29,"column":29}},"11":{"start":{"line":36,"column":4},"end":{"line":52,"column":5}},"12":{"start":{"line":37,"column":6},"end":{"line":43,"column":7}},"13":{"start":{"line":38,"column":8},"end":{"line":38,"column":69}},"14":{"start":{"line":39,"column":8},"end":{"line":42,"column":11}},"15":{"start":{"line":41,"column":10},"end":{"line":41,"column":56}},"16":{"start":{"line":45,"column":6},"end":{"line":49,"column":7}},"17":{"start":{"line":46,"column":8},"end":{"line":46,"column":80}},"18":{"start":{"line":47,"column":8},"end":{"line":48,"column":22}},"19":{"start":{"line":51,"column":6},"end":{"line":51,"column":22}},"20":{"start":{"line":58,"column":4},"end":{"line":64,"column":5}},"21":{"start":{"line":59,"column":6},"end":{"line":59,"column":81}},"22":{"start":{"line":60,"column":6},"end":{"line":63,"column":9}},"23":{"start":{"line":62,"column":8},"end":{"line":62,"column":59}},"24":{"start":{"line":70,"column":4},"end":{"line":86,"column":5}},"25":{"start":{"line":71,"column":6},"end":{"line":73,"column":7}},"26":{"start":{"line":72,"column":8},"end":{"line":72,"column":33}},"27":{"start":{"line":75,"column":6},"end":{"line":75,"column":84}},"28":{"start":{"line":77,"column":6},"end":{"line":85,"column":9}},"29":{"start":{"line":78,"column":8},"end":{"line":81,"column":10}},"30":{"start":{"line":84,"column":8},"end":{"line":84,"column":51}},"31":{"start":{"line":92,"column":4},"end":{"line":113,"column":5}},"32":{"start":{"line":93,"column":6},"end":{"line":93,"column":40}},"33":{"start":{"line":96,"column":6},"end":{"line":112,"column":9}},"34":{"start":{"line":98,"column":8},"end":{"line":98,"column":63}},"35":{"start":{"line":99,"column":8},"end":{"line":99,"column":74}},"36":{"start":{"line":101,"column":8},"end":{"line":102,"column":64}},"37":{"start":{"line":105,"column":8},"end":{"line":108,"column":10}},"38":{"start":{"line":111,"column":8},"end":{"line":111,"column":51}},"39":{"start":{"line":119,"column":4},"end":{"line":135,"column":5}},"40":{"start":{"line":120,"column":6},"end":{"line":120,"column":52}},"41":{"start":{"line":121,"column":6},"end":{"line":121,"column":70}},"42":{"start":{"line":124,"column":6},"end":{"line":124,"column":88}},"43":{"start":{"line":126,"column":6},"end":{"line":126,"column":74}},"44":{"start":{"line":128,"column":6},"end":{"line":134,"column":9}},"45":{"start":{"line":133,"column":8},"end":{"line":133,"column":55}},"46":{"start":{"line":141,"column":4},"end":{"line":150,"column":5}},"47":{"start":{"line":142,"column":6},"end":{"line":142,"column":71}},"48":{"start":{"line":143,"column":6},"end":{"line":149,"column":9}},"49":{"start":{"line":148,"column":8},"end":{"line":148,"column":48}},"50":{"start":{"line":156,"column":4},"end":{"line":165,"column":5}},"51":{"start":{"line":157,"column":6},"end":{"line":157,"column":47}},"52":{"start":{"line":158,"column":6},"end":{"line":164,"column":9}},"53":{"start":{"line":163,"column":8},"end":{"line":163,"column":55}},"54":{"start":{"line":171,"column":4},"end":{"line":198,"column":5}},"55":{"start":{"line":172,"column":6},"end":{"line":172,"column":55}},"56":{"start":{"line":175,"column":6},"end":{"line":197,"column":9}},"57":{"start":{"line":180,"column":8},"end":{"line":180,"column":36}},"58":{"start":{"line":182,"column":8},"end":{"line":185,"column":9}},"59":{"start":{"line":183,"column":10},"end":{"line":183,"column":58}},"60":{"start":{"line":184,"column":10},"end":{"line":184,"column":17}},"61":{"start":{"line":187,"column":8},"end":{"line":187,"column":57}},"62":{"start":{"line":190,"column":8},"end":{"line":193,"column":10}},"63":{"start":{"line":196,"column":8},"end":{"line":196,"column":50}},"64":{"start":{"line":204,"column":4},"end":{"line":218,"column":5}},"65":{"start":{"line":206,"column":6},"end":{"line":208,"column":7}},"66":{"start":{"line":207,"column":8},"end":{"line":207,"column":33}},"67":{"start":{"line":210,"column":6},"end":{"line":210,"column":41}},"68":{"start":{"line":211,"column":6},"end":{"line":217,"column":13}},"69":{"start":{"line":216,"column":12},"end":{"line":216,"column":58}}},"branchMap":{"1":{"line":45,"type":"if","locations":[{"start":{"line":45,"column":6},"end":{"line":45,"column":6}},{"start":{"line":45,"column":6},"end":{"line":45,"column":6}}]},"2":{"line":71,"type":"if","locations":[{"start":{"line":71,"column":6},"end":{"line":71,"column":6}},{"start":{"line":71,"column":6},"end":{"line":71,"column":6}}]},"3":{"line":77,"type":"binary-expr","locations":[{"start":{"line":77,"column":37},"end":{"line":77,"column":60}},{"start":{"line":77,"column":64},"end":{"line":77,"column":66}}]},"4":{"line":98,"type":"cond-expr","locations":[{"start":{"line":98,"column":35},"end":{"line":98,"column":57}},{"start":{"line":98,"column":60},"end":{"line":98,"column":62}}]},"5":{"line":99,"type":"cond-expr","locations":[{"start":{"line":99,"column":56},"end":{"line":99,"column":65}},{"start":{"line":99,"column":68},"end":{"line":99,"column":73}}]},"6":{"line":121,"type":"cond-expr","locations":[{"start":{"line":121,"column":52},"end":{"line":121,"column":64}},{"start":{"line":121,"column":67},"end":{"line":121,"column":69}}]},"7":{"line":182,"type":"if","locations":[{"start":{"line":182,"column":8},"end":{"line":182,"column":8}},{"start":{"line":182,"column":8},"end":{"line":182,"column":8}}]},"8":{"line":206,"type":"if","locations":[{"start":{"line":206,"column":6},"end":{"line":206,"column":6}},{"start":{"line":206,"column":6},"end":{"line":206,"column":6}}]}},"code":["var utils = require('shipit-utils');","var chalk = require('chalk');","var mkdirp = require('mkdirp');","var Promise = require('bluebird');","","/**"," * Fetch task."," * - Create workspace."," * - Fetch repository."," * - Checkout commit-ish."," */","","module.exports = function (gruntOrShipit) {","  utils.registerTask(gruntOrShipit, 'deploy:fetch', task);","","  function task() {","    var shipit = utils.getShipit(gruntOrShipit);","","    return createWorkspace()","    .then(initRepository)","    .then(setGitConfig)","    .then(addRemote)","    .then(fetch)","    .then(checkout)","    .then(reset)","    .then(merge)","    .then(updateSubmodules)","    .then(function () {","      shipit.emit('fetched');","    });","","    /**","     * Create workspace.","     */","","    function createWorkspace() {","      function create() {","        shipit.log('Create workspace \"%s\"', shipit.config.workspace);","        return Promise.promisify(mkdirp)(shipit.config.workspace)","        .then(function () {","          shipit.log(chalk.green('Workspace created.'));","        });","      }","","      if (shipit.config.shallowClone) {","        shipit.log('Deleting existing workspace \"%s\"', shipit.config.workspace);","        return shipit.local('rm -rf ' + shipit.config.workspace)","        .then(create);","      }","","      return create();","    }","","    /**","     * Initialize repository.","     */","","    function initRepository() {","      shipit.log('Initialize local repository in \"%s\"', shipit.config.workspace);","      return shipit.local('git init', {cwd: shipit.config.workspace})","      .then(function () {","        shipit.log(chalk.green('Repository initiali
[...]
shipit.local(","          'git remote ' + method + ' shipit ' + shipit.config.repositoryUrl,","          {cwd: shipit.config.workspace}","        );","      })","      .then(function () {","        shipit.log(chalk.green('Remote updated.'));","      });","    }","","    /**","     * Fetch repository.","     */","","    function fetch() {","      var fetchCommand = 'git fetch shipit --prune';","      var fetchDepth = shipit.config.shallowClone ? ' --depth=1' : '';","","      // fetch branches and tags separate to be compatible with git versions < 1.9","      fetchCommand += fetchDepth + ' && ' + fetchCommand + ' \"refs/tags/*:refs/tags/*\"';","","      shipit.log('Fetching repository \"%s\"', shipit.config.repositoryUrl);","","      return shipit.local(","        fetchCommand,","        {cwd: shipit.config.workspace}","      )","      .then(function () {","        shipit.log(chalk.green('Repository fetched.'));","      });","    }","","    /**","     * Checkout commit-ish.","     */","","    function checkout() {","      shipit.log('Checking out commit-ish \"%s\"', shipit.config.branch);","      return shipit.local(","        'git checkout ' + shipit.config.branch,","        {cwd: shipit.config.workspace}","      )","      .then(function () {","        shipit.log(chalk.green('Checked out.'));","      });","    }","","    /**","     * Hard reset of working tree.","     */","","    function reset() {","      shipit.log('Resetting the working tree');","      return shipit.local(","        'git reset --hard HEAD',","        {cwd: shipit.config.workspace}","      )","      .then(function () {","        shipit.log(chalk.green('Reset working tree.'));","      });","    }","","    /**","     * Merge branch.","     */","","    function merge() {","      shipit.log('Testing if commit-ish is a branch.');","","      // Test if commit-ish is a branch.","      return shipit.local(","        'git branch --list ' + shipit.config.branch,","        {cwd: shipit.config.workspace}","      )","      .then(function (res) {","        var isBranch = !!res.stdout;","","        if (!isBranch) {","          shipit.log(chalk.green('No branch, no merge.'));","          return;","        }","","        shipit.log('Commit-ish is a branch, merging...');","","        // Merge branch.","        return shipit.local(","          'git merge shipit/' + shipit.config.branch,","          {cwd: shipit.config.workspace}","        );","      })","      .then(function () {","        shipit.log(chalk.green('Branch merged.'));","      });","    }","","    /**","     * update submodules","     */","","    function updateSubmodules() {","","      if (!shipit.config.updateSubmodules) {","        return Promise.resolve();","      }","","      shipit.log('Updating submodules.');","      return shipit.local(","          'git submodule update --init --recursive',","          {cwd: shipit.config.workspace}","          )","          .then(function () {","            shipit.log(chalk.green('Submodules updated'));","          });","    }","  }","};",""],"l":{"1":1,"2":1,"3":1,"4":1,"13":1,"14":0,"16":1,"17":0,"19":0,"29":0,"36":1,"37":1,"38":0,"39":0,"41":0,"45":0,"46":0,"47":0,"51":0,"58":1,"59":0,"60":0,"62":0,"70":1,"71":0,"72":0,"75":0,"77":0,"78":0,"84":0,"92":1,"93":0,"96":0,"98":0,"99":0,"101":0,"105":0,"111":0,"119":1,"120":0,"121":0,"124":0,"126":0,"128":0,"133":0,"141":1,"142":0,"143":0,"148":0,"156":1,"157":0,"158":0,"163":0,"171":1,"172":0,"175":0,"180":0,"182":0,"183":0,"184":0,"187":0,"190":0,"196":0,"204":1,"206":0,"207":0,"210":0,"211":0,"216":0}},"/home/travis/build/npmtest/node-npmtest-shipit-deploy/node_modules/shipit-deploy/tasks/deploy/finish.js":{"path":"/home/travis/build/npmtest/node-npmtest-shipit-deploy/node_modules/shipit-deploy/tasks/deploy/finish.js","s":{"1":1,"2":1,"3":1,"4":0,"5":1,"6":0,"7":0},"b":{},"f":{"1":0,"2":0},"fnMap":{"1":{"name":"(anonymous_1)","line":9,"loc":{"start":{"line":9,"column":17},"end":{"line":9,"column":42}}},"2":{"name":"task","line":12,"loc":{"start":{"line":12,"column":2},"end":{"line":12,"column":18}}}},"statementMap":{"1":{"start":{"line":1,"column":0},"end":{"line":1,"column":36}},"2":{"start":{"line":2,"column":0},"end":{"line":2,"column":37}},"3":{"start":{"line":9,"column":0},"end":{"line":16,"column":2}},"4":{"start":{"line":10,"column":2},"end":{"line":10,"column":59}},"5":{"start":{"line":12,"column":2},"end":{"line":15,"column":3}},"6":{"start":{"line":13,"column":4},"end":{"line":13,"column":54}},"7":{"start":{"line":14,"column":4},"end":{"line":14,"column":28}}},"branchMap":{},"code":["var utils = require('shipit-utils');","var init = require('../../lib/init');","","/**"," * Update task."," * - Emit an event \"deployed\"."," */","","module.exports = function (gruntOrShipit) {","  utils.registerTask(gruntOrShipit, 'deploy:finish', task);","","  function task() {","    var shipit = init(utils.getShipit(gruntOrShipit));","    shipit.emit('deployed');","  }","};",""],"l":{"1":1,"2":1,"9":1,"10":0,"12":1,"13":0,"14":0}},"/home/travis/build/npmtest/node-npmtest-shipit-deploy/node_modules/shipit-deploy/tasks/deploy/publish.js":{"path":"/home/travis/build/npmtest/node-npmtest-shipit-deploy/node_modules/shipit-deploy/tasks/deploy/publish.js","s":{"1":1,"2":1,"3":1,"4":1,"5":0,"6":1,"7":0,"8":0,"9":0,"10":1,"11":0,"12":0,"13":0,"14":0},"b":{},"f":{"1":0,"2":0,"3":0,"4":0,"5":0},"fnMap":{"1":{"name":"(anonymous_1)","line":10,"loc":{"start":{"line":10,"column":17},"end":{"line":10,"column":42}}},"2":{"name":"task","line":13,"loc":{"start":{"line":13,"column":2},"end":{"line":13,"column":18}}},"3":{"name":"(anonymous_3)","line":17,"loc":{"start":{"line":17,"column":10},"end":{"line":17,"column":22}}},"4":{"name":"updateSymbolicLink","line":25,"loc":{"start":{"line":25,"column":4},"end":{"line":25,"column":34}}},"5":{"name":"(anonymous_5)","line":31,"loc":{"start":{"line":31,"column":12},"end":{"line":31,"column":24}}}},"statementMap":{"1":{"start":{"line":1,"column":0},"end":{"line":1,"column":36}},"2":{"start":{"line":2,"column":0},"end":{"line":2,"column":29}},"3":{"start":{"line":3,"column":0},"end":{"line":3,"column":34}},"4":{"start":{"line":10,"column":0},"end":{"line":36,"column":2}},"5":{"start":{"line":11,"column":2},"end":{"line":11,"column":60}},"6":{"start":{"line":13,"column":2},"end":{"line":35,"column":3}},"7":{"start":{"line":14,"column":4},"end":{"line":14,"column":48}},"8":{"start":{"line":16,"column":4},"end":{"line":19,"column":7}},"9":{"start":{"line":18,"column":6},"end":{"line":18,"column":31}},"10":{"start":{"line":25,"column":4},"end":{"line":34,"column":5}},"11":{"start":{"line":26,"column":6},"end":{"line":26,"column":64}},"12":{"start":{"line":28,"column":6},"end":{"line":28,"column":77}},"13":{"start":{"line":30,"column":6},"end":{"line":33,"column":9}},"14":{"start":{"line":32,"column":8},"end":{"line":32,"column":54}}},"branchMap":{},"code":["var utils = require('shipit-utils');","var chalk = require('chalk');","var path = require('path2/posix');","","/**"," * Publish task."," * - Update symbolic link."," */","","module.exports = function (gruntOrShipit) {","  utils.registerTask(gruntOrShipit, 'deploy:publish', task);","","  function task() {","    var shipit = utils.getShipit(gruntOrShipit);","","    return updateSymbolicLink()","    .then(function () {","      shipit.emit('published');","    });","","    /**","     * Update symbolic link.","     */","","    function updateSymbolicLink() {","      shipit.log('Publishing release \"%s\"', shipit.releasePath);","","      var relativeReleasePath = path.join('releases', shipit.releaseDirname);","","      return shipit.remote('cd ' + shipit.config.deployTo + ' && ln -nfs ' + relativeReleasePath + ' current')","      .then(function () {","        shipit.log(chalk.green('Release published.'));","      });","    }","  }","};",""],"l":{"1":1,"2":1,"3":1,"10":1,"11":0,"13":1,"14":0,"16":0,"18":0,"25":1,"26":0,"28":0,"30":0,"32":0}},"/home/travis/build/npmtest/node-npmtest-shipit-deploy/node_modules/shipit-deploy/tasks/deploy/update.js":{"path":"/home/travis/build/npmtest/node-npmtest-shipit-deploy/node_modules/shipit-deploy/tasks/deploy/update.js","s":{"1":1,"2":1,"3":1,"4":1,"5":1,"6":1,"7":1,"8":1,"9":0,"10":1,"11":0,"12":0,"13":0,"14":0,"15":1,"16":0,"17":0,"18":0,"19":0,"20":0,"21":1,"22":0,"23":0,"24":0,"25":0,"26":0,"27":1,"28":0,"29":0,"30":0,"31":0,"32":0,"33":0,"34":1,"35":0,"36":0,"37":0,"38":0,"39":0,"40":0,"41":0,"42":1,"43":0,"44":0,"45":0,"46":0,"47":0,"48":1,"49":0,"50":0,"51":0,"52":0,"53":0},"b":{"1":[0,0],"2":[0,0],"3":[0,0],"4":[0,0],"5":[0,0],"6":[0,0],"7":[0,0],"8":[0,0]},"f":{"1":0,"2":0,"3":0,"4":0,"5":0,"6":0,"7":0,"8":0,"9":0,"10":0,"11":0,"12":0,"13":0,"14":0,"15":0},"fnMap":{"1":{"name":"(anonymous_1)","line":19,"loc":{"start":{"line":19,"column":17},"end":{"line":19,"column":42}}},"2":{"name":"task","line":22,"loc":{"start":{"line":22,"column":2},"end":{"line":22,"column":18}}},"3":{"name":"(anonymous_3)","line":32,"loc":{"start":{"line":32,"column":10},"end":{"line":32,"column":22}}},"4":{"name":"copyPreviousRelease","line":40,"loc":{"start":{"line":40,"column":4},"end":{"line":40,"column":35}}},"5":{"name":"createReleasePath","line":53,"loc":{"start":{"line":53,"column":4},"end":{"line":53,"column":33}}},"6":{"name":"(anonymous_6)","line":59,"loc":{"start":{"line":59,"column":12},"end":{"line":59,"column":24}}},"7":{"name":"remoteCopy","line":68,"loc":{"start":{"line":68,"column":4},"end":{"line":68,"column":26}}},"8":{"name":"(anonymous_8)","line":76,"loc":{"start":{"line":76,"column":12},"end":{"line":76,"column":24}}},"9":{"name":"setPreviousRevision","line":85,"loc":{"start":{"line":85,"column":4},"end":{"line":85,"column":35}}},"10":{"name":"(anonymous_10)","line":93,"loc":{"start":{"line":93,"column":12},"end":{"line":93,"column":31}}},"11":{"name":"setPreviousRelease","line":106,"loc":{"start":{"line":106,"column":4},"end":{"line":106,"column":34}}},"12":{"name":"(anonymous_12)","line":109,"loc":{"start":{"line":109,"column":12},"end":{"line":109,"column":45}}},"13":{"name":"setCurrentRevision","line":121,"loc":{"start":{"line":121,"column":4},"end":{"line":121,"column":34}}},"14":{"name":"(anonymous_14)","line":124,"loc":{"start":{"line":124,"column":104},"end":{"line":124,"column":123}}},"15":{"name":"(anonymous_15)","line":127,"loc":{"start":{"line":127,"column":14},"end":{"line":127,"column":25}}}},"statementMap":{"1":{"start":{"line":1,"column":0},"end":{"line":1,"column":36}},"2":{"start":{"line":2,"column":0},"end":{"line":2,"column":34}},"3":{"start":{"line":3,"column":0},"end":{"line":3,"column":31}},"4":{"start":{"line":4,"column":0},"end":{"line":4,"column":29}},"5":{"start":{"line":5,"column":0},"end":{"line":5,"column":26}},"6":{"start":{"line":6,"column":0},"end":{"line":6,"column":27}},"7":{"start":{"line":7,"column":0},"end":{"line":7,"column":34}},"8":{"start":{"line":19,"column":0},"end":{"line":132,"column":2}},"9":{"start":{"line":20,"column":2},"end":{"line":20,"column":59}},"10":{"start":{"line":22,"column":2},"end":{"line":131,"column":3}},"11":{"start":{"line":23,"column":4},"end":{"line":23,"column":48}},"12":{"start":{"line":24,"column":4},"end":{"line":24,"column":72}},"13":{"start":{"line":26,"column":4},"end":{"line":34,"column":7}},"14":{"start":{"line":33,"column":6},"end":{"line":33,"column":29}},"15":{"start":{"line":40,"column":4},"end":{"line":47,"column":5}},"16":{"start":{"line":41,"column":6},"end":{"line":41,"column":53}},"17":{"start":{"line":42,"column":6},"end":{"line":44,"column":7}},"18":{"start":{"line":43,"column":8},"end":{"line":43,"column":33}},"19":{"start":{"line":45,"column":6},"end":{"line":45,"column":70}},"20":{"start":{"line":46,"column":6},"end":{"line":46,"column":148}},"21":{"start":{"line":53,"column":4},"end":{"line":62,"column":5}},"22":{"start":{"line":54,"column":6},"end":{"line":54,"column":68}},"23":{"start":{"line":55,"column":6},"end":{"line":55,"column":81}},"24":{"start":{"line":57,"column":6},"end":{"line":57,"column":65}},"25":{"start":{"line":58,"column":6},"end":{"line":61,"column":9}},"26":{"start":{"line":60,"column":8},"end":{"line":60,"column":57}},"27":{"start":{"line":68,"column":4},"end":{"line":79,"column":5}},"28":{"start":{"line":69,"column":6},"end":{"line":69,"column":82}},"29":{"start":{"line":70,"column":6},"end":{"line":70,"column":73}},"30":{"start":{"line":71,"column":6},"end":{"line":71,"column":81}},"31":{"start":{"line":73,"column":6},"end":{"line":73,"column":52}},"32":{"start":{"line":75,"column":6},"end":{"line":78,"column":9}},"33":{"start":{"line":77,"column":8},"end":{"line":77,"column":50}},"34":{"start":{"line":85,"column":4},"end":{"line":100,"column":5}},"35":{"start":{"line":86,"column":6},"end":{"line":86,"column":37}},"36":{"start":{"line":88,"column":6},"end":{"line":90,"column":7}},"37":{"start":{"line":89,"column":8},"end":{"line":89,"column":33}},"38":{"start":{"line":92,"column":6},"end":{"line":99,"column":9}},"39":{"start":{"line":95,"column":8},"end":{"line":98,"column":9}},"40":{"start":{"line":96,"column":10},"end":{"line":96,"column":62}},"41":{"start":{"line":97,"column":10},"end":{"line":97,"column":45}},"42":{"start":{"line":106,"column":4},"end":{"line":115,"column":5}},"43":{"start":{"line":107,"column":6},"end":{"line":107,"column":36}},"44":{"start":{"line":108,"column":6},"end":{"line":114,"column":9}},"45":{"start":{"line":110,"column":8},"end":{"line":113,"column":9}},"46":{"start":{"line":111,"column":10},"end":{"line":111,"column":61}},"47":{"start":{"line":112,"column":10},"end":{"line":112,"column":58}},"48":{"start":{"line":121,"column":4},"end":{"line":130,"column":5}},"49":{"start":{"line":122,"column":6},"end":{"line":122,"column":73}},"50":{"start":{"line":124,"column":6},"end":{"line":129,"column":9}},"51":{"start":{"line":125,"column":8},"end":{"line":125,"column":56}},"52":{"start":{"line":126,"column":8},"end":{"line":126,"column":117}},"53":{"start":{"line":128,"column":8},"end":{"line":128,"column":58}}},"branchMap":{"1":{"line":41,"type":"binary-expr","locations":[{"start":{"line":41,"column":26},"end":{"line":41,"column":44}},{"start":{"line":41,"column":48},"end":{"line":41,"column":52}}]},"2":{"line":42,"type":"if","locations":[{"start":{"line":42,"column":6},"end":{"line":42,"column":6}},{"start":{"line":42,"column":6},"end":{"line":42,"column":6}}]},"3":{"line":69,"type":"binary-expr","locations":[{"start":{"line":69,"column":20},"end":{"line":69,"column":61}},{"start":{"line":69,"column":65},"end":{"line":69,"column":81}}]},"4":{"line":70,"type":"binary-expr","locations":[{"start":{"line":70,"column":22},"end":{"line":70,"column":45}},{"start":{"line":70,"column":49},"end":{"line":70,"column":72}}]},"5":{"line":71,"type":"binary-expr","locations":[{"start":{"line":71,"column":50},"end":{"line":71,"column":73}},{"start":{"line":71,"column":77},"end":{"line":71,"column":79}}]},"6":{"line":88,"type":"if","locations":[{"start":{"line":88,"column":6},"end":{"line":88,"column":6}},{"start":{"line":88,"column":6},"end":{"line":88,"column":6}}]},"7":{"line":95,"type":"if","locations":[{"start":{"line":95,"column":8},"end":{"line":95,"column":8}},{"start":{"line":95,"column":8},"end":{"line":95,"column":8}}]},"8":{"line":110,"type":"if","locations":[{"start":{"line":110,"column":8},"end":{"line":110,"column":8}},{"start":{"line":110,"column":8},"end":{"line":110,"column":8}}]}},"code":["var utils = require('shipit-utils');","var path = require('path2/posix');","var moment = require('moment');","var chalk = require('chalk');","var _ = require('lodash');","var util = require('util');","var Promise = require('bluebird');","","/**"," * Update task."," * - Set previous release."," * - Set previous revision."," * - Create and define release path."," * - Copy previous release (for faster rsync)"," * - Set current revision and write REVISION file."," * - Remote copy project."," */","","module.exports = function (gruntOrShipit) {","  utils.registerTask(gruntOrShipit, 'deploy:update', task);","","  function task() {","    var shipit = utils.getShipit(gruntOrShipit);","    _.assign(shipit.constructor.prototype, require('../../lib/shipit'));","","    return setPreviousRelease()","    .then(setPreviousRevision)","    .then(createReleasePath)","    .then(copyPreviousRelease)","    .then(remoteCopy)","    .then(setCurrentRevision)","    .then(function () {","      shipit.emit('updated');","    });","","    /**","     * Copy previous release to release dir.","     */","","    function copyPreviousRelease() {","      var copyParameter = shipit.config.copy || '-a';","      if (!shipit.previousRelease) {","        return Promise.resolve();","      }","      shipit.log('Copy previous release to \"%s\"', shipit.releasePath);","      return shipit.remote(util.format('cp %s %s/. %s', copyParameter, path.join(shipit.releasesPath, shipit.previousRelease), shipit.releasePath));","    }","","    /**","     * Create and define release path.","     */","","    function createReleasePath() {","      shipit.releaseDirname = moment.utc().format('YYYYMMDDHHmmss');","      shipit.releasePath = path.join(shipit.releasesPath, shipit.releaseDirname);","","      shipit.log('Create release path \"%s\"', shipit.releasePath);","      return shipit.remote('mkdir -p ' + shipit.releasePath)","      .then(function () {","        shipit.log(chalk.green('Release path created.'));","      });","    }","","    /**","     * Remote copy project.","     */","","    function remoteCopy() {","      var options = _.get(shipit.config, 'deploy.remoteCopy') || {rsync: '--del'};","      var rsyncFrom = shipit.config.rsyncFrom || shipit.config.workspace;","      var uploadDirPath = path.resolve(rsyncFrom, shipit.config.dirToCopy || '');","","      shipit.log('Copy project to remote servers.');","","      return shipit.remoteCopy(uploadDirPath + '/', shipit.releasePath, options)","      .then(function () {","        shipit.log(chalk.green('Finished copy.'));","      });","    }","","    /**","     * Set shipit.previousRevision from remote REVISION file.","     */","","    function setPreviousRevision() {","      shipit.previousRevision = null;","","      if (!shipit.previousRelease) {","        return Promise.resolve();","      }","","      return shipit.getRevision(shipit.previousRelease)","      .then(function(revision) {","","        if (revision) {","          shipit.log(chalk.green('Previous revision found.'));","          shipit.previousRevision = revision;","        }","      });","    }","","    /**","     * Set shipit.previousRelease.","     */","","    function setPreviousRelease() {","      shipit.previousRelease = null;","      return shipit.getCurrentReleaseDirname()","      .then(function(currentReleasseDirname) {","        if (currentReleasseDirname) {","          shipit.log(chalk.green('Previous release found.'));","          shipit.previousRelease = currentReleasseDirname;","        }","      });","    }","","    /**","     * Set shipit.currentRevision and write it to REVISION file.","     */","","    function setCurrentRevision() {","      shipit.log('Setting current revision and creating revision file.');","","      return shipit.local('git rev-parse ' + shipit.config.branch, {cwd: shipit.config.workspace}).then(function(response) {","        shipit.currentRevision = response.stdout.trim();","        return shipit.remote('echo \"' + shipit.currentRevision + '\" > ' + path.join(shipit.releasePath, 'REVISION'));","      }).then(function() {","        shipit.log(chalk.green('Revision file created.'));","      });","    }","  }","};",""],"l":{"1":1,"2":1,"3":1,"4":1,"5":1,"6":1,"7":1,"19":1,"20":0,"22":1,"23":0,"24":0,"26":0,"33":0,"40":1,"41":0,"42":0,"43":0,"45":0,"46":0,"53":1,"54":0,"55":0,"57":0,"58":0,"60":0,"68":1,"69":0,"70":0,"71":0,"73":0,"75":0,"77":0,"85":1,"86":0,"88":0,"89":0,"92":0,"95":0,"96":0,"97":0,"106":1,"107":0,"108":0,"110":0,"111":0,"112":0,"121":1,"122":0,"124":0,"125":0,"126":0,"128":0}}}